<?xml version="1.0" encoding="UTF-8"?>
<robot generator="Robot 7.0 (Python 3.12.3 on win32)" generated="2024-06-04T15:28:37.268316" rpa="false" schemaversion="5">
<suite id="s1" name="TestSuites" source="C:\Users\Komal Kumari\PycharmProjects\CrediwatchAPP\TestSuites">
<suite id="s1-s1" name="TS13 Ratings" source="C:\Users\Komal Kumari\PycharmProjects\CrediwatchAPP\TestSuites\TS13_Ratings">
<suite id="s1-s1-s1" name="TC13 Ratings" source="C:\Users\Komal Kumari\PycharmProjects\CrediwatchAPP\TestSuites\TS13_Ratings\TC13_Ratings.robot">
<test id="s1-s1-s1-t1" name="Verify Ratings Page" line="11">
<kw name="Login to the application and search customer name" owner="GenralKeywords">
<kw name="Open Browser" owner="SeleniumLibrary">
<msg time="2024-06-04T15:28:38.009651" level="INFO">Opening browser 'Chrome' to base url 'https://www.crediwatch.net/'.</msg>
<arg>${URL}</arg>
<arg>${BROWSER}</arg>
<doc>Opens a new browser instance to the optional ``url``.</doc>
<status status="PASS" start="2024-06-04T15:28:38.009651" elapsed="43.871978"/>
</kw>
<kw name="Maximize Browser Window" owner="SeleniumLibrary">
<doc>Maximizes current browser window.</doc>
<status status="PASS" start="2024-06-04T15:29:21.882812" elapsed="0.307768"/>
</kw>
<kw name="Click Login Button" owner="GenralKeywords">
<kw name="Click Button" owner="SeleniumLibrary">
<msg time="2024-06-04T15:29:22.194338" level="INFO">Clicking button '//button[contains(text(),'Login')]'.</msg>
<arg>${LOGIN_BUTTON}</arg>
<doc>Clicks the button identified by ``locator``.</doc>
<status status="PASS" start="2024-06-04T15:29:22.193145" elapsed="3.971179"/>
</kw>
<doc>Clicks on the login button</doc>
<status status="PASS" start="2024-06-04T15:29:22.191604" elapsed="3.973724"/>
</kw>
<kw name="Sleep" owner="BuiltIn">
<msg time="2024-06-04T15:29:28.165567" level="INFO">Slept 2 seconds.</msg>
<arg>2s</arg>
<doc>Pauses the test executed for the given time.</doc>
<status status="PASS" start="2024-06-04T15:29:26.165475" elapsed="2.000092"/>
</kw>
<kw name="SignIn to the Application" owner="GenralKeywords">
<kw name="Input Text" owner="SeleniumLibrary">
<msg time="2024-06-04T15:29:28.167991" level="INFO">Typing text 'credibot@ktkbank.com' into text field '(//input[@id='signInFormUsername'])[2]'.</msg>
<arg>(//input[@id='signInFormUsername'])[2]</arg>
<arg>${username}</arg>
<doc>Types the given ``text`` into the text field identified by ``locator``.</doc>
<status status="PASS" start="2024-06-04T15:29:28.167387" elapsed="0.272683"/>
</kw>
<kw name="Input Text" owner="SeleniumLibrary">
<msg time="2024-06-04T15:29:28.441233" level="INFO">Typing text 'Credi!123' into text field '(//input[@id='signInFormPassword'])[2]'.</msg>
<arg>(//input[@id='signInFormPassword'])[2]</arg>
<arg>${password}</arg>
<doc>Types the given ``text`` into the text field identified by ``locator``.</doc>
<status status="PASS" start="2024-06-04T15:29:28.441233" elapsed="0.415342"/>
</kw>
<arg>credibot@ktkbank.com</arg>
<arg>Credi!123</arg>
<doc>Signs in using provided username and password</doc>
<status status="PASS" start="2024-06-04T15:29:28.166246" elapsed="0.690329"/>
</kw>
<kw name="Click Signin Button" owner="GenralKeywords">
<kw name="Click Button" owner="SeleniumLibrary">
<msg time="2024-06-04T15:29:28.858261" level="INFO">Clicking button '(//input[@name='signInSubmitButton'])[2]'.</msg>
<arg>${Signin_Button}</arg>
<doc>Clicks the button identified by ``locator``.</doc>
<status status="PASS" start="2024-06-04T15:29:28.857089" elapsed="3.031114"/>
</kw>
<doc>Clicks on the signin button</doc>
<status status="PASS" start="2024-06-04T15:29:28.857089" elapsed="3.031114"/>
</kw>
<kw name="Set Selenium Implicit Wait" owner="SeleniumLibrary">
<arg>4S</arg>
<doc>Sets the implicit wait value used by Selenium.</doc>
<status status="PASS" start="2024-06-04T15:29:31.888203" elapsed="0.014191"/>
</kw>
<kw name="Click Search Bar" owner="GenralKeywords">
<kw name="Click Element" owner="SeleniumLibrary">
<msg time="2024-06-04T15:29:31.903525" level="INFO">Clicking element '//input[@id='searchText']'.</msg>
<arg>${SEARCH BAR}</arg>
<doc>Click the element identified by ``locator``.</doc>
<status status="PASS" start="2024-06-04T15:29:31.903525" elapsed="3.763009"/>
</kw>
<doc>Clicks on the search bar</doc>
<status status="PASS" start="2024-06-04T15:29:31.902394" elapsed="3.764140"/>
</kw>
<kw name="Read Customer Name From CSV" owner="GenralKeywords">
<kw name="Read Csv File To Associative" owner="CSVLibrary">
<msg time="2024-06-04T15:29:35.671079" level="INFO">${data} = [{'customername': 'INFOSYS LIMITED'}, {'customername': 'COFFEE DAY ENTERPRISES LIMITED'}, {'customername': 'PIRAMAL ENTERPRISES LIMITED'}, {'customername': 'JSW CEMENT LIMITED'}, {'customername': 'ADA...</msg>
<var>${data}</var>
<arg>${parties_csvfile}</arg>
<doc>Read CSV file and return its content as a Python list of dictionaries.</doc>
<status status="PASS" start="2024-06-04T15:29:35.668546" elapsed="0.002533"/>
</kw>
<kw name="Set Variable" owner="BuiltIn">
<msg time="2024-06-04T15:29:35.673074" level="INFO">${customer_name} = INFOSYS LIMITED</msg>
<var>${customer_name}</var>
<arg>${data[0]['customername']}</arg>
<doc>Returns the given values which can then be assigned to a variables.</doc>
<status status="PASS" start="2024-06-04T15:29:35.671079" elapsed="0.001995"/>
</kw>
<return>
<value>${customer_name}</value>
<status status="PASS" start="2024-06-04T15:29:35.673074" elapsed="0.000000"/>
</return>
<msg time="2024-06-04T15:29:35.673074" level="INFO">${customer_name} = INFOSYS LIMITED</msg>
<var>${customer_name}</var>
<doc>Reads customer name from CSV file</doc>
<status status="PASS" start="2024-06-04T15:29:35.667547" elapsed="0.007050"/>
</kw>
<kw name="Input Text" owner="SeleniumLibrary">
<msg time="2024-06-04T15:29:35.674597" level="INFO">Typing text 'INFOSYS LIMITED' into text field '//input[@id='searchText']'.</msg>
<arg>${SEARCH BAR}</arg>
<arg>${customer_name}</arg>
<doc>Types the given ``text`` into the text field identified by ``locator``.</doc>
<status status="PASS" start="2024-06-04T15:29:35.674597" elapsed="1.621026"/>
</kw>
<kw name="Wait Until Element Is Visible" owner="SeleniumLibrary">
<msg time="2024-06-04T15:29:46.264312" level="INFO" html="true">&lt;/td&gt;&lt;/tr&gt;&lt;tr&gt;&lt;td colspan="3"&gt;&lt;a href="selenium-screenshot-1.png"&gt;&lt;img src="selenium-screenshot-1.png" width="800px"&gt;&lt;/a&gt;</msg>
<msg time="2024-06-04T15:29:46.264312" level="FAIL">Element '(//div[@class='d-flex align-items-center'])[1]' not visible after 5 seconds.</msg>
<arg>${SEARCHED ITEM}</arg>
<doc>Waits until the element ``locator`` is visible.</doc>
<status status="FAIL" start="2024-06-04T15:29:37.303653" elapsed="8.966913">Element '(//div[@class='d-flex align-items-center'])[1]' not visible after 5 seconds.</status>
</kw>
<kw name="Sleep" owner="BuiltIn">
<arg>5s</arg>
<doc>Pauses the test executed for the given time.</doc>
<status status="NOT RUN" start="2024-06-04T15:29:46.271709" elapsed="0.000000"/>
</kw>
<kw name="Click on Searched Customer name in search list" owner="GenralKeywords">
<doc>Click on Searched Customer name in search list</doc>
<status status="NOT RUN" start="2024-06-04T15:29:46.271709" elapsed="0.000000"/>
</kw>
<kw name="Sleep" owner="BuiltIn">
<arg>3s</arg>
<doc>Pauses the test executed for the given time.</doc>
<status status="NOT RUN" start="2024-06-04T15:29:46.272836" elapsed="0.000000"/>
</kw>
<doc>Login to the application and search customer name</doc>
<status status="FAIL" start="2024-06-04T15:28:38.009651" elapsed="68.263185">Element '(//div[@class='d-flex align-items-center'])[1]' not visible after 5 seconds.</status>
</kw>
<kw name="Sleep" owner="BuiltIn">
<arg>20s</arg>
<doc>Pauses the test executed for the given time.</doc>
<status status="NOT RUN" start="2024-06-04T15:29:46.272836" elapsed="0.000000"/>
</kw>
<kw name="Scroll menu bar down" owner="GenralKeywords">
<status status="NOT RUN" start="2024-06-04T15:29:46.273949" elapsed="0.000000"/>
</kw>
<kw name="Sleep" owner="BuiltIn">
<arg>10s</arg>
<doc>Pauses the test executed for the given time.</doc>
<status status="NOT RUN" start="2024-06-04T15:29:46.273949" elapsed="0.000000"/>
</kw>
<kw name="Click on Ratings Link" owner="Ratings">
<doc>Click on Ratings Link</doc>
<status status="NOT RUN" start="2024-06-04T15:29:46.275061" elapsed="0.000000"/>
</kw>
<kw name="Location Should Contain" owner="SeleniumLibrary">
<arg>ratings</arg>
<doc>Verifies that the current URL contains ``expected``.</doc>
<status status="NOT RUN" start="2024-06-04T15:29:46.275061" elapsed="0.000000"/>
</kw>
<doc>TC-1 Test Ratings page</doc>
<tag>Sanity</tag>
<status status="FAIL" start="2024-06-04T15:28:37.994005" elapsed="68.285575">Element '(//div[@class='d-flex align-items-center'])[1]' not visible after 5 seconds.</status>
</test>
<test id="s1-s1-s1-t2" name="Validate if user is able to click on view icon to view Rating History" line="21">
<kw name="Click on view icon" owner="Ratings">
<kw name="Click Element" owner="SeleniumLibrary">
<msg time="2024-06-04T15:29:46.283103" level="INFO">Clicking element '//div[@class='cursor-pointer']'.</msg>
<msg time="2024-06-04T15:29:50.722036" level="INFO" html="true">&lt;/td&gt;&lt;/tr&gt;&lt;tr&gt;&lt;td colspan="3"&gt;&lt;a href="selenium-screenshot-2.png"&gt;&lt;img src="selenium-screenshot-2.png" width="800px"&gt;&lt;/a&gt;</msg>
<msg time="2024-06-04T15:29:50.722036" level="FAIL">Element with locator '//div[@class='cursor-pointer']' not found.</msg>
<arg>${View}</arg>
<doc>Click the element identified by ``locator``.</doc>
<status status="FAIL" start="2024-06-04T15:29:46.283103" elapsed="4.447630">Element with locator '//div[@class='cursor-pointer']' not found.</status>
</kw>
<status status="FAIL" start="2024-06-04T15:29:46.279580" elapsed="4.451327">Element with locator '//div[@class='cursor-pointer']' not found.</status>
</kw>
<doc>TC-2 Test if user is able to click on view icon to view Rating History</doc>
<tag>Sanity</tag>
<status status="FAIL" start="2024-06-04T15:29:46.279580" elapsed="4.451327">Element with locator '//div[@class='cursor-pointer']' not found.</status>
</test>
<status status="FAIL" start="2024-06-04T15:28:37.378504" elapsed="73.353509"/>
</suite>
<status status="FAIL" start="2024-06-04T15:28:37.367356" elapsed="73.366350"/>
</suite>
<status status="FAIL" start="2024-06-04T15:28:37.329610" elapsed="73.404096"/>
</suite>
<statistics>
<total>
<stat pass="0" fail="2" skip="0">All Tests</stat>
</total>
<tag>
<stat pass="0" fail="2" skip="0">Sanity</stat>
</tag>
<suite>
<stat pass="0" fail="2" skip="0" id="s1" name="TestSuites">TestSuites</stat>
<stat pass="0" fail="2" skip="0" id="s1-s1" name="TS13 Ratings">TestSuites.TS13 Ratings</stat>
<stat pass="0" fail="2" skip="0" id="s1-s1-s1" name="TC13 Ratings">TestSuites.TS13 Ratings.TC13 Ratings</stat>
</suite>
</statistics>
<errors>
</errors>
</robot>
