<?xml version="1.0" encoding="UTF-8"?>
<robot generator="Robot 7.0 (Python 3.12.3 on win32)" generated="2024-06-04T15:30:21.343793" rpa="false" schemaversion="5">
<suite id="s1" name="TestSuites" source="C:\Users\Komal Kumari\PycharmProjects\CrediwatchAPP\TestSuites">
<suite id="s1-s1" name="TS19 Products" source="C:\Users\Komal Kumari\PycharmProjects\CrediwatchAPP\TestSuites\TS19_Products">
<suite id="s1-s1-s1" name="TC19 Products" source="C:\Users\Komal Kumari\PycharmProjects\CrediwatchAPP\TestSuites\TS19_Products\TC19_Products.robot">
<test id="s1-s1-s1-t1" name="Verify user can navigate to products page" line="12">
<kw name="Open Browser and Login" owner="GenralKeywords">
<kw name="Open Browser" owner="SeleniumLibrary">
<msg time="2024-06-04T15:30:37.885764" level="INFO">Opening browser 'Chrome' to base url 'https://www.crediwatch.net/'.</msg>
<arg>${URL}</arg>
<arg>${BROWSER}</arg>
<doc>Opens a new browser instance to the optional ``url``.</doc>
<status status="PASS" start="2024-06-04T15:30:37.882243" elapsed="10.778311"/>
</kw>
<kw name="Maximize Browser Window" owner="SeleniumLibrary">
<doc>Maximizes current browser window.</doc>
<status status="PASS" start="2024-06-04T15:30:48.660554" elapsed="0.298274"/>
</kw>
<kw name="Click Login Button" owner="GenralKeywords">
<kw name="Click Button" owner="SeleniumLibrary">
<msg time="2024-06-04T15:30:48.958828" level="INFO">Clicking button '//button[contains(text(),'Login')]'.</msg>
<arg>${LOGIN_BUTTON}</arg>
<doc>Clicks the button identified by ``locator``.</doc>
<status status="PASS" start="2024-06-04T15:30:48.958828" elapsed="3.379469"/>
</kw>
<doc>Clicks on the login button</doc>
<status status="PASS" start="2024-06-04T15:30:48.958828" elapsed="3.379469"/>
</kw>
<kw name="Sleep" owner="BuiltIn">
<msg time="2024-06-04T15:30:54.338917" level="INFO">Slept 2 seconds.</msg>
<arg>2s</arg>
<doc>Pauses the test executed for the given time.</doc>
<status status="PASS" start="2024-06-04T15:30:52.338297" elapsed="2.000620"/>
</kw>
<kw name="SignIn to the Application" owner="GenralKeywords">
<kw name="Input Text" owner="SeleniumLibrary">
<msg time="2024-06-04T15:30:54.338917" level="INFO">Typing text 'credibot@ktkbank.com' into text field '(//input[@id='signInFormUsername'])[2]'.</msg>
<arg>(//input[@id='signInFormUsername'])[2]</arg>
<arg>${username}</arg>
<doc>Types the given ``text`` into the text field identified by ``locator``.</doc>
<status status="PASS" start="2024-06-04T15:30:54.338917" elapsed="0.281800"/>
</kw>
<kw name="Input Text" owner="SeleniumLibrary">
<msg time="2024-06-04T15:30:54.620717" level="INFO">Typing text 'Credi!123' into text field '(//input[@id='signInFormPassword'])[2]'.</msg>
<arg>(//input[@id='signInFormPassword'])[2]</arg>
<arg>${password}</arg>
<doc>Types the given ``text`` into the text field identified by ``locator``.</doc>
<status status="PASS" start="2024-06-04T15:30:54.620717" elapsed="0.245262"/>
</kw>
<arg>credibot@ktkbank.com</arg>
<arg>Credi!123</arg>
<doc>Signs in using provided username and password</doc>
<status status="PASS" start="2024-06-04T15:30:54.338917" elapsed="0.527062"/>
</kw>
<kw name="Click Signin Button" owner="GenralKeywords">
<kw name="Click Button" owner="SeleniumLibrary">
<msg time="2024-06-04T15:30:54.865979" level="INFO">Clicking button '(//input[@name='signInSubmitButton'])[2]'.</msg>
<arg>${Signin_Button}</arg>
<doc>Clicks the button identified by ``locator``.</doc>
<status status="PASS" start="2024-06-04T15:30:54.865979" elapsed="1.387935"/>
</kw>
<doc>Clicks on the signin button</doc>
<status status="PASS" start="2024-06-04T15:30:54.865979" elapsed="1.387935"/>
</kw>
<kw name="Set Selenium Implicit Wait" owner="SeleniumLibrary">
<arg>4S</arg>
<doc>Sets the implicit wait value used by Selenium.</doc>
<status status="PASS" start="2024-06-04T15:30:56.253914" elapsed="0.000000"/>
</kw>
<status status="PASS" start="2024-06-04T15:30:37.877683" elapsed="18.376231"/>
</kw>
<kw name="Sleep" owner="BuiltIn">
<msg time="2024-06-04T15:31:01.255101" level="INFO">Slept 5 seconds.</msg>
<arg>5s</arg>
<doc>Pauses the test executed for the given time.</doc>
<status status="PASS" start="2024-06-04T15:30:56.253914" elapsed="5.001187"/>
</kw>
<kw name="Click on Products on LHS in features list of dashboard" owner="ProductsPage">
<kw name="Click Link" owner="SeleniumLibrary">
<msg time="2024-06-04T15:31:01.255101" level="INFO">Clicking link '//a[text()='Products']'.</msg>
<msg time="2024-06-04T15:31:05.620870" level="INFO" html="true">&lt;/td&gt;&lt;/tr&gt;&lt;tr&gt;&lt;td colspan="3"&gt;&lt;a href="selenium-screenshot-1.png"&gt;&lt;img src="selenium-screenshot-1.png" width="800px"&gt;&lt;/a&gt;</msg>
<msg time="2024-06-04T15:31:05.620870" level="FAIL">Link with locator '//a[text()='Products']' not found.</msg>
<arg>${Products}</arg>
<doc>Clicks a link identified by ``locator``.</doc>
<status status="FAIL" start="2024-06-04T15:31:01.255101" elapsed="4.382029">Link with locator '//a[text()='Products']' not found.</status>
</kw>
<kw name="Sleep" owner="BuiltIn">
<arg>5s</arg>
<doc>Pauses the test executed for the given time.</doc>
<status status="NOT RUN" start="2024-06-04T15:31:05.641661" elapsed="0.002067"/>
</kw>
<doc>Click on Parties on LHS in features list of dashboard</doc>
<status status="FAIL" start="2024-06-04T15:31:01.255101" elapsed="4.390196">Link with locator '//a[text()='Products']' not found.</status>
</kw>
<kw name="Location Should Contain" owner="SeleniumLibrary">
<arg>products</arg>
<doc>Verifies that the current URL contains ``expected``.</doc>
<status status="NOT RUN" start="2024-06-04T15:31:05.645297" elapsed="0.000000"/>
</kw>
<doc>TC-1 Test if user can click on products and navigate to portfolios page</doc>
<tag>Sanity</tag>
<status status="FAIL" start="2024-06-04T15:30:37.859025" elapsed="27.786272">Link with locator '//a[text()='Products']' not found.</status>
</test>
<status status="FAIL" start="2024-06-04T15:30:21.804890" elapsed="43.847050"/>
</suite>
<status status="FAIL" start="2024-06-04T15:30:21.787330" elapsed="43.867677"/>
</suite>
<status status="FAIL" start="2024-06-04T15:30:21.444738" elapsed="44.210269"/>
</suite>
<statistics>
<total>
<stat pass="0" fail="1" skip="0">All Tests</stat>
</total>
<tag>
<stat pass="0" fail="1" skip="0">Sanity</stat>
</tag>
<suite>
<stat pass="0" fail="1" skip="0" id="s1" name="TestSuites">TestSuites</stat>
<stat pass="0" fail="1" skip="0" id="s1-s1" name="TS19 Products">TestSuites.TS19 Products</stat>
<stat pass="0" fail="1" skip="0" id="s1-s1-s1" name="TC19 Products">TestSuites.TS19 Products.TC19 Products</stat>
</suite>
</statistics>
<errors>
</errors>
</robot>
