<?xml version="1.0" encoding="UTF-8"?>
<robot generator="Robot 7.0 (Python 3.12.3 on win32)" generated="2024-06-04T15:32:57.621764" rpa="false" schemaversion="5">
<suite id="s1" name="TestSuites" source="C:\Users\Komal Kumari\PycharmProjects\CrediwatchAPP\TestSuites">
<suite id="s1-s1" name="TS5 Financials" source="C:\Users\Komal Kumari\PycharmProjects\CrediwatchAPP\TestSuites\TS5_Financials">
<suite id="s1-s1-s1" name="TC5 FINANCIALS" source="C:\Users\Komal Kumari\PycharmProjects\CrediwatchAPP\TestSuites\TS5_Financials\TC5_FINANCIALS.robot">
<test id="s1-s1-s1-t1" name="Verifying Profit and Loss in Financials page" line="12">
<kw name="Login to the application and search customer name" owner="GenralKeywords">
<kw name="Open Browser" owner="SeleniumLibrary">
<msg time="2024-06-04T15:32:58.831754" level="INFO">Opening browser 'Chrome' to base url 'https://www.crediwatch.net/'.</msg>
<arg>${URL}</arg>
<arg>${BROWSER}</arg>
<doc>Opens a new browser instance to the optional ``url``.</doc>
<status status="PASS" start="2024-06-04T15:32:58.831136" elapsed="34.525185"/>
</kw>
<kw name="Maximize Browser Window" owner="SeleniumLibrary">
<doc>Maximizes current browser window.</doc>
<status status="PASS" start="2024-06-04T15:33:33.356321" elapsed="0.162364"/>
</kw>
<kw name="Click Login Button" owner="GenralKeywords">
<kw name="Click Button" owner="SeleniumLibrary">
<msg time="2024-06-04T15:33:33.521026" level="INFO">Clicking button '//button[contains(text(),'Login')]'.</msg>
<arg>${LOGIN_BUTTON}</arg>
<doc>Clicks the button identified by ``locator``.</doc>
<status status="PASS" start="2024-06-04T15:33:33.521026" elapsed="18.752330"/>
</kw>
<doc>Clicks on the login button</doc>
<status status="PASS" start="2024-06-04T15:33:33.520474" elapsed="18.752882"/>
</kw>
<kw name="Sleep" owner="BuiltIn">
<msg time="2024-06-04T15:33:54.274934" level="INFO">Slept 2 seconds.</msg>
<arg>2s</arg>
<doc>Pauses the test executed for the given time.</doc>
<status status="PASS" start="2024-06-04T15:33:52.273356" elapsed="2.001578"/>
</kw>
<kw name="SignIn to the Application" owner="GenralKeywords">
<kw name="Input Text" owner="SeleniumLibrary">
<msg time="2024-06-04T15:33:54.274934" level="INFO">Typing text 'credibot@ktkbank.com' into text field '(//input[@id='signInFormUsername'])[2]'.</msg>
<arg>(//input[@id='signInFormUsername'])[2]</arg>
<arg>${username}</arg>
<doc>Types the given ``text`` into the text field identified by ``locator``.</doc>
<status status="PASS" start="2024-06-04T15:33:54.274934" elapsed="0.446448"/>
</kw>
<kw name="Input Text" owner="SeleniumLibrary">
<msg time="2024-06-04T15:33:54.721382" level="INFO">Typing text 'Credi!123' into text field '(//input[@id='signInFormPassword'])[2]'.</msg>
<arg>(//input[@id='signInFormPassword'])[2]</arg>
<arg>${password}</arg>
<doc>Types the given ``text`` into the text field identified by ``locator``.</doc>
<status status="PASS" start="2024-06-04T15:33:54.721382" elapsed="0.343493"/>
</kw>
<arg>credibot@ktkbank.com</arg>
<arg>Credi!123</arg>
<doc>Signs in using provided username and password</doc>
<status status="PASS" start="2024-06-04T15:33:54.274934" elapsed="0.789941"/>
</kw>
<kw name="Click Signin Button" owner="GenralKeywords">
<kw name="Click Button" owner="SeleniumLibrary">
<msg time="2024-06-04T15:33:55.067891" level="INFO">Clicking button '(//input[@name='signInSubmitButton'])[2]'.</msg>
<arg>${Signin_Button}</arg>
<doc>Clicks the button identified by ``locator``.</doc>
<status status="PASS" start="2024-06-04T15:33:55.067891" elapsed="2.443099"/>
</kw>
<doc>Clicks on the signin button</doc>
<status status="PASS" start="2024-06-04T15:33:55.064875" elapsed="2.446115"/>
</kw>
<kw name="Set Selenium Implicit Wait" owner="SeleniumLibrary">
<arg>4S</arg>
<doc>Sets the implicit wait value used by Selenium.</doc>
<status status="PASS" start="2024-06-04T15:33:57.510990" elapsed="0.098135"/>
</kw>
<kw name="Click Search Bar" owner="GenralKeywords">
<kw name="Click Element" owner="SeleniumLibrary">
<msg time="2024-06-04T15:33:57.609125" level="INFO">Clicking element '//input[@id='searchText']'.</msg>
<arg>${SEARCH BAR}</arg>
<doc>Click the element identified by ``locator``.</doc>
<status status="PASS" start="2024-06-04T15:33:57.609125" elapsed="3.305106"/>
</kw>
<doc>Clicks on the search bar</doc>
<status status="PASS" start="2024-06-04T15:33:57.609125" elapsed="3.310206"/>
</kw>
<kw name="Read Customer Name From CSV" owner="GenralKeywords">
<kw name="Read Csv File To Associative" owner="CSVLibrary">
<msg time="2024-06-04T15:34:00.922889" level="INFO">${data} = [{'customername': 'INFOSYS LIMITED'}, {'customername': 'COFFEE DAY ENTERPRISES LIMITED'}, {'customername': 'PIRAMAL ENTERPRISES LIMITED'}, {'customername': 'JSW CEMENT LIMITED'}, {'customername': 'ADA...</msg>
<var>${data}</var>
<arg>${parties_csvfile}</arg>
<doc>Read CSV file and return its content as a Python list of dictionaries.</doc>
<status status="PASS" start="2024-06-04T15:34:00.920780" elapsed="0.002109"/>
</kw>
<kw name="Set Variable" owner="BuiltIn">
<msg time="2024-06-04T15:34:00.924404" level="INFO">${customer_name} = INFOSYS LIMITED</msg>
<var>${customer_name}</var>
<arg>${data[0]['customername']}</arg>
<doc>Returns the given values which can then be assigned to a variables.</doc>
<status status="PASS" start="2024-06-04T15:34:00.922889" elapsed="0.001515"/>
</kw>
<return>
<value>${customer_name}</value>
<status status="PASS" start="2024-06-04T15:34:00.924404" elapsed="0.000000"/>
</return>
<msg time="2024-06-04T15:34:00.924404" level="INFO">${customer_name} = INFOSYS LIMITED</msg>
<var>${customer_name}</var>
<doc>Reads customer name from CSV file</doc>
<status status="PASS" start="2024-06-04T15:34:00.919331" elapsed="0.005073"/>
</kw>
<kw name="Input Text" owner="SeleniumLibrary">
<msg time="2024-06-04T15:34:00.924404" level="INFO">Typing text 'INFOSYS LIMITED' into text field '//input[@id='searchText']'.</msg>
<arg>${SEARCH BAR}</arg>
<arg>${customer_name}</arg>
<doc>Types the given ``text`` into the text field identified by ``locator``.</doc>
<status status="PASS" start="2024-06-04T15:34:00.924404" elapsed="0.248499"/>
</kw>
<kw name="Wait Until Element Is Visible" owner="SeleniumLibrary">
<arg>${SEARCHED ITEM}</arg>
<doc>Waits until the element ``locator`` is visible.</doc>
<status status="PASS" start="2024-06-04T15:34:01.172903" elapsed="1.950465"/>
</kw>
<kw name="Sleep" owner="BuiltIn">
<msg time="2024-06-04T15:34:08.498668" level="INFO">Slept 5 seconds.</msg>
<arg>5s</arg>
<doc>Pauses the test executed for the given time.</doc>
<status status="PASS" start="2024-06-04T15:34:03.123368" elapsed="5.377716"/>
</kw>
<kw name="Click on Searched Customer name in search list" owner="GenralKeywords">
<kw name="Click Element" owner="SeleniumLibrary">
<msg time="2024-06-04T15:34:09.076942" level="INFO">Clicking element '(//div[@class='d-flex align-items-center'])[1]'.</msg>
<arg>${SEARCHED ITEM}</arg>
<doc>Click the element identified by ``locator``.</doc>
<status status="PASS" start="2024-06-04T15:34:09.065438" elapsed="37.095442"/>
</kw>
<doc>Click on Searched Customer name in search list</doc>
<status status="PASS" start="2024-06-04T15:34:08.556894" elapsed="37.603986"/>
</kw>
<kw name="Sleep" owner="BuiltIn">
<msg time="2024-06-04T15:34:49.303479" level="INFO">Slept 3 seconds.</msg>
<arg>3s</arg>
<doc>Pauses the test executed for the given time.</doc>
<status status="PASS" start="2024-06-04T15:34:46.160880" elapsed="3.142599"/>
</kw>
<doc>Login to the application and search customer name</doc>
<status status="PASS" start="2024-06-04T15:32:58.823108" elapsed="110.481382"/>
</kw>
<kw name="Click Financials Link" owner="FinancialsPage">
<kw name="Click Link" owner="SeleniumLibrary">
<msg time="2024-06-04T15:34:49.309672" level="INFO">Clicking link '//a[text()='Financials']'.</msg>
<msg time="2024-06-04T15:34:54.530842" level="INFO" html="true">&lt;/td&gt;&lt;/tr&gt;&lt;tr&gt;&lt;td colspan="3"&gt;&lt;a href="selenium-screenshot-1.png"&gt;&lt;img src="selenium-screenshot-1.png" width="800px"&gt;&lt;/a&gt;</msg>
<msg time="2024-06-04T15:34:54.546981" level="FAIL">Link with locator '//a[text()='Financials']' not found.</msg>
<arg>${Financials LINK}</arg>
<doc>Clicks a link identified by ``locator``.</doc>
<status status="FAIL" start="2024-06-04T15:34:49.306506" elapsed="5.293856">Link with locator '//a[text()='Financials']' not found.</status>
</kw>
<doc>Clicks on the Financials link</doc>
<status status="FAIL" start="2024-06-04T15:34:49.306506" elapsed="5.325774">Link with locator '//a[text()='Financials']' not found.</status>
</kw>
<kw name="Sleep" owner="BuiltIn">
<arg>5s</arg>
<doc>Pauses the test executed for the given time.</doc>
<status status="NOT RUN" start="2024-06-04T15:34:54.818977" elapsed="0.009161"/>
</kw>
<kw name="Log Profit &amp; Loss table data to console" owner="FinancialsPage">
<doc>Log Profit &amp; Loss table data to the console</doc>
<status status="NOT RUN" start="2024-06-04T15:34:54.860658" elapsed="0.000000"/>
</kw>
<kw name="Sleep" owner="BuiltIn">
<arg>5s</arg>
<doc>Pauses the test executed for the given time.</doc>
<status status="NOT RUN" start="2024-06-04T15:34:54.867190" elapsed="0.000000"/>
</kw>
<doc>TC-1 Test the Profit and Loss in Financials page</doc>
<tag>Sanity</tag>
<status status="FAIL" start="2024-06-04T15:32:58.811479" elapsed="116.055711">Link with locator '//a[text()='Financials']' not found.</status>
</test>
<test id="s1-s1-s1-t2" name="Verifying Balance Sheet in Financials page" line="23">
<kw name="Click on Balancesheet Tab" owner="FinancialsPage">
<kw name="Click Element" owner="SeleniumLibrary">
<msg time="2024-06-04T15:34:54.877777" level="INFO">Clicking element '//div[contains(text(),'Balance Sheet')]'.</msg>
<msg time="2024-06-04T15:34:59.201620" level="INFO" html="true">&lt;/td&gt;&lt;/tr&gt;&lt;tr&gt;&lt;td colspan="3"&gt;&lt;a href="selenium-screenshot-2.png"&gt;&lt;img src="selenium-screenshot-2.png" width="800px"&gt;&lt;/a&gt;</msg>
<msg time="2024-06-04T15:34:59.202811" level="FAIL">Element with locator '//div[contains(text(),'Balance Sheet')]' not found.</msg>
<arg>${balancesheet}</arg>
<doc>Click the element identified by ``locator``.</doc>
<status status="FAIL" start="2024-06-04T15:34:54.877777" elapsed="4.331635">Element with locator '//div[contains(text(),'Balance Sheet')]' not found.</status>
</kw>
<doc>Click on Balancesheet Tab to view balancesheet</doc>
<status status="FAIL" start="2024-06-04T15:34:54.877777" elapsed="4.332895">Element with locator '//div[contains(text(),'Balance Sheet')]' not found.</status>
</kw>
<kw name="Sleep" owner="BuiltIn">
<arg>3s</arg>
<doc>Pauses the test executed for the given time.</doc>
<status status="NOT RUN" start="2024-06-04T15:34:59.210672" elapsed="0.001419"/>
</kw>
<kw name="Log Balance Sheet table data to console" owner="FinancialsPage">
<doc>Log Balance Sheet table data to the console</doc>
<status status="NOT RUN" start="2024-06-04T15:34:59.213305" elapsed="0.000000"/>
</kw>
<doc>TC-2 Test the Balance Sheet in Financials page</doc>
<tag>Sanity</tag>
<status status="FAIL" start="2024-06-04T15:34:54.872251" elapsed="4.341054">Element with locator '//div[contains(text(),'Balance Sheet')]' not found.</status>
</test>
<test id="s1-s1-s1-t3" name="Verify Ratios in Financials Page" line="31">
<kw name="Click on Ratios Tab" owner="FinancialsPage">
<kw name="Click Element" owner="SeleniumLibrary">
<msg time="2024-06-04T15:34:59.217095" level="INFO">Clicking element '//div[contains(text(),'Ratios')]'.</msg>
<msg time="2024-06-04T15:35:04.194887" level="INFO" html="true">&lt;/td&gt;&lt;/tr&gt;&lt;tr&gt;&lt;td colspan="3"&gt;&lt;a href="selenium-screenshot-3.png"&gt;&lt;img src="selenium-screenshot-3.png" width="800px"&gt;&lt;/a&gt;</msg>
<msg time="2024-06-04T15:35:04.195896" level="FAIL">Element with locator '//div[contains(text(),'Ratios')]' not found.</msg>
<arg>${Ratios}</arg>
<doc>Click the element identified by ``locator``.</doc>
<status status="FAIL" start="2024-06-04T15:34:59.217027" elapsed="4.980210">Element with locator '//div[contains(text(),'Ratios')]' not found.</status>
</kw>
<kw name="Sleep" owner="BuiltIn">
<arg>5s</arg>
<doc>Pauses the test executed for the given time.</doc>
<status status="NOT RUN" start="2024-06-04T15:35:04.197237" elapsed="0.001068"/>
</kw>
<doc>Click on Ratios Tab</doc>
<status status="FAIL" start="2024-06-04T15:34:59.215829" elapsed="4.982574">Element with locator '//div[contains(text(),'Ratios')]' not found.</status>
</kw>
<kw name="Sleep" owner="BuiltIn">
<arg>3s</arg>
<doc>Pauses the test executed for the given time.</doc>
<status status="NOT RUN" start="2024-06-04T15:35:04.198403" elapsed="0.000000"/>
</kw>
<kw name="Log Ratios table data to console" owner="FinancialsPage">
<doc>Log Ratios table data to the console</doc>
<status status="NOT RUN" start="2024-06-04T15:35:04.199406" elapsed="0.000152"/>
</kw>
<doc>TC-3 Test the Ratios in Financials Page</doc>
<tag>Sanity</tag>
<status status="FAIL" start="2024-06-04T15:34:59.214458" elapsed="4.985100">Element with locator '//div[contains(text(),'Ratios')]' not found.</status>
</test>
<test id="s1-s1-s1-t4" name="Verify Standalone Quarterly in Financials Page" line="39">
<kw name="Click on Quarterly Tab" owner="FinancialsPage">
<kw name="Click Element" owner="SeleniumLibrary">
<msg time="2024-06-04T15:35:04.204783" level="INFO">Clicking element '//div[contains(text(),'Quarterly')]'.</msg>
<msg time="2024-06-04T15:35:20.465123" level="INFO" html="true">&lt;/td&gt;&lt;/tr&gt;&lt;tr&gt;&lt;td colspan="3"&gt;&lt;a href="selenium-screenshot-4.png"&gt;&lt;img src="selenium-screenshot-4.png" width="800px"&gt;&lt;/a&gt;</msg>
<msg time="2024-06-04T15:35:20.468659" level="FAIL">Element with locator '//div[contains(text(),'Quarterly')]' not found.</msg>
<arg>${Quarterly}</arg>
<doc>Click the element identified by ``locator``.</doc>
<status status="FAIL" start="2024-06-04T15:35:04.201928" elapsed="16.268654">Element with locator '//div[contains(text(),'Quarterly')]' not found.</status>
</kw>
<status status="FAIL" start="2024-06-04T15:35:04.200732" elapsed="16.271012">Element with locator '//div[contains(text(),'Quarterly')]' not found.</status>
</kw>
<kw name="Log Standalone Quarterly table data to console" owner="FinancialsPage">
<status status="NOT RUN" start="2024-06-04T15:35:20.471744" elapsed="0.000000"/>
</kw>
<doc>TC-4 Test the Standalone Quarterly in Financials Page</doc>
<tag>Sanity</tag>
<status status="FAIL" start="2024-06-04T15:35:04.199558" elapsed="16.273045">Element with locator '//div[contains(text(),'Quarterly')]' not found.</status>
</test>
<test id="s1-s1-s1-t5" name="Verify Consolidated Quarterly in Financials Page" line="46">
<kw name="Click on Consolidated Button" owner="FinancialsPage">
<kw name="Click Button" owner="SeleniumLibrary">
<msg time="2024-06-04T15:35:20.476150" level="INFO">Clicking button '//button[contains(text(),'Consolidated')]'.</msg>
<msg time="2024-06-04T15:35:29.173500" level="INFO" html="true">&lt;/td&gt;&lt;/tr&gt;&lt;tr&gt;&lt;td colspan="3"&gt;&lt;a href="selenium-screenshot-5.png"&gt;&lt;img src="selenium-screenshot-5.png" width="800px"&gt;&lt;/a&gt;</msg>
<msg time="2024-06-04T15:35:29.173738" level="FAIL">Button with locator '//button[contains(text(),'Consolidated')]' not found.</msg>
<arg>${ConsolidatedButton}</arg>
<doc>Clicks the button identified by ``locator``.</doc>
<status status="FAIL" start="2024-06-04T15:35:20.475926" elapsed="8.698911">Button with locator '//button[contains(text(),'Consolidated')]' not found.</status>
</kw>
<kw name="Sleep" owner="BuiltIn">
<arg>5s</arg>
<doc>Pauses the test executed for the given time.</doc>
<status status="NOT RUN" start="2024-06-04T15:35:29.174837" elapsed="0.000000"/>
</kw>
<status status="FAIL" start="2024-06-04T15:35:20.474921" elapsed="8.699916">Button with locator '//button[contains(text(),'Consolidated')]' not found.</status>
</kw>
<kw name="Log Consolidated Quarterly table data to console" owner="FinancialsPage">
<status status="NOT RUN" start="2024-06-04T15:35:29.174837" elapsed="0.000000"/>
</kw>
<doc>TC-5 Test the Consolidated Quarterly in Financials Page</doc>
<tag>Sanity</tag>
<status status="FAIL" start="2024-06-04T15:35:20.473771" elapsed="8.703377">Button with locator '//button[contains(text(),'Consolidated')]' not found.</status>
</test>
<status status="FAIL" start="2024-06-04T15:32:57.999825" elapsed="151.178510"/>
</suite>
<status status="FAIL" start="2024-06-04T15:32:57.993654" elapsed="151.186862"/>
</suite>
<status status="FAIL" start="2024-06-04T15:32:57.908664" elapsed="151.274022"/>
</suite>
<statistics>
<total>
<stat pass="0" fail="5" skip="0">All Tests</stat>
</total>
<tag>
<stat pass="0" fail="5" skip="0">Sanity</stat>
</tag>
<suite>
<stat pass="0" fail="5" skip="0" id="s1" name="TestSuites">TestSuites</stat>
<stat pass="0" fail="5" skip="0" id="s1-s1" name="TS5 Financials">TestSuites.TS5 Financials</stat>
<stat pass="0" fail="5" skip="0" id="s1-s1-s1" name="TC5 FINANCIALS">TestSuites.TS5 Financials.TC5 FINANCIALS</stat>
</suite>
</statistics>
<errors>
</errors>
</robot>
