<?xml version="1.0" encoding="UTF-8"?>
<robot generator="Robot 7.0 (Python 3.12.3 on win32)" generated="2024-06-04T15:28:38.818155" rpa="false" schemaversion="5">
<suite id="s1" name="TestSuites" source="C:\Users\Komal Kumari\PycharmProjects\CrediwatchAPP\TestSuites">
<suite id="s1-s1" name="TS14 Alerts" source="C:\Users\Komal Kumari\PycharmProjects\CrediwatchAPP\TestSuites\TS14_Alerts">
<suite id="s1-s1-s1" name="TC14 Alerts" source="C:\Users\Komal Kumari\PycharmProjects\CrediwatchAPP\TestSuites\TS14_Alerts\TC14_Alerts.robot">
<test id="s1-s1-s1-t1" name="Verify Alert Page" line="12">
<kw name="Login to the application and search customer name" owner="GenralKeywords">
<kw name="Open Browser" owner="SeleniumLibrary">
<msg time="2024-06-04T15:28:39.447347" level="INFO">Opening browser 'Chrome' to base url 'https://www.crediwatch.net/'.</msg>
<arg>${URL}</arg>
<arg>${BROWSER}</arg>
<doc>Opens a new browser instance to the optional ``url``.</doc>
<status status="PASS" start="2024-06-04T15:28:39.447347" elapsed="42.930417"/>
</kw>
<kw name="Maximize Browser Window" owner="SeleniumLibrary">
<doc>Maximizes current browser window.</doc>
<status status="PASS" start="2024-06-04T15:29:22.377859" elapsed="1.278725"/>
</kw>
<kw name="Click Login Button" owner="GenralKeywords">
<kw name="Click Button" owner="SeleniumLibrary">
<msg time="2024-06-04T15:29:23.659383" level="INFO">Clicking button '//button[contains(text(),'Login')]'.</msg>
<arg>${LOGIN_BUTTON}</arg>
<doc>Clicks the button identified by ``locator``.</doc>
<status status="PASS" start="2024-06-04T15:29:23.657716" elapsed="3.513882"/>
</kw>
<doc>Clicks on the login button</doc>
<status status="PASS" start="2024-06-04T15:29:23.657716" elapsed="3.513882"/>
</kw>
<kw name="Sleep" owner="BuiltIn">
<msg time="2024-06-04T15:29:29.172917" level="INFO">Slept 2 seconds.</msg>
<arg>2s</arg>
<doc>Pauses the test executed for the given time.</doc>
<status status="PASS" start="2024-06-04T15:29:27.171598" elapsed="2.001319"/>
</kw>
<kw name="SignIn to the Application" owner="GenralKeywords">
<kw name="Input Text" owner="SeleniumLibrary">
<msg time="2024-06-04T15:29:29.175271" level="INFO">Typing text 'credibot@ktkbank.com' into text field '(//input[@id='signInFormUsername'])[2]'.</msg>
<arg>(//input[@id='signInFormUsername'])[2]</arg>
<arg>${username}</arg>
<doc>Types the given ``text`` into the text field identified by ``locator``.</doc>
<status status="PASS" start="2024-06-04T15:29:29.174112" elapsed="0.277187"/>
</kw>
<kw name="Input Text" owner="SeleniumLibrary">
<msg time="2024-06-04T15:29:29.452442" level="INFO">Typing text 'Credi!123' into text field '(//input[@id='signInFormPassword'])[2]'.</msg>
<arg>(//input[@id='signInFormPassword'])[2]</arg>
<arg>${password}</arg>
<doc>Types the given ``text`` into the text field identified by ``locator``.</doc>
<status status="PASS" start="2024-06-04T15:29:29.451299" elapsed="0.150578"/>
</kw>
<arg>credibot@ktkbank.com</arg>
<arg>Credi!123</arg>
<doc>Signs in using provided username and password</doc>
<status status="PASS" start="2024-06-04T15:29:29.172917" elapsed="0.428960"/>
</kw>
<kw name="Click Signin Button" owner="GenralKeywords">
<kw name="Click Button" owner="SeleniumLibrary">
<msg time="2024-06-04T15:29:29.604119" level="INFO">Clicking button '(//input[@name='signInSubmitButton'])[2]'.</msg>
<arg>${Signin_Button}</arg>
<doc>Clicks the button identified by ``locator``.</doc>
<status status="PASS" start="2024-06-04T15:29:29.603014" elapsed="3.189588"/>
</kw>
<doc>Clicks on the signin button</doc>
<status status="PASS" start="2024-06-04T15:29:29.602945" elapsed="3.189657"/>
</kw>
<kw name="Set Selenium Implicit Wait" owner="SeleniumLibrary">
<arg>4S</arg>
<doc>Sets the implicit wait value used by Selenium.</doc>
<status status="PASS" start="2024-06-04T15:29:32.792602" elapsed="0.011772"/>
</kw>
<kw name="Click Search Bar" owner="GenralKeywords">
<kw name="Click Element" owner="SeleniumLibrary">
<msg time="2024-06-04T15:29:32.805532" level="INFO">Clicking element '//input[@id='searchText']'.</msg>
<arg>${SEARCH BAR}</arg>
<doc>Click the element identified by ``locator``.</doc>
<status status="PASS" start="2024-06-04T15:29:32.805532" elapsed="5.030869"/>
</kw>
<doc>Clicks on the search bar</doc>
<status status="PASS" start="2024-06-04T15:29:32.804374" elapsed="5.033113"/>
</kw>
<kw name="Read Customer Name From CSV" owner="GenralKeywords">
<kw name="Read Csv File To Associative" owner="CSVLibrary">
<msg time="2024-06-04T15:29:37.839131" level="INFO">${data} = [{'customername': 'INFOSYS LIMITED'}, {'customername': 'COFFEE DAY ENTERPRISES LIMITED'}, {'customername': 'PIRAMAL ENTERPRISES LIMITED'}, {'customername': 'JSW CEMENT LIMITED'}, {'customername': 'ADA...</msg>
<var>${data}</var>
<arg>${parties_csvfile}</arg>
<doc>Read CSV file and return its content as a Python list of dictionaries.</doc>
<status status="PASS" start="2024-06-04T15:29:37.837925" elapsed="0.001206"/>
</kw>
<kw name="Set Variable" owner="BuiltIn">
<msg time="2024-06-04T15:29:37.841679" level="INFO">${customer_name} = INFOSYS LIMITED</msg>
<var>${customer_name}</var>
<arg>${data[0]['customername']}</arg>
<doc>Returns the given values which can then be assigned to a variables.</doc>
<status status="PASS" start="2024-06-04T15:29:37.840137" elapsed="0.001542"/>
</kw>
<return>
<value>${customer_name}</value>
<status status="PASS" start="2024-06-04T15:29:37.841679" elapsed="0.002516"/>
</return>
<msg time="2024-06-04T15:29:37.847149" level="INFO">${customer_name} = INFOSYS LIMITED</msg>
<var>${customer_name}</var>
<doc>Reads customer name from CSV file</doc>
<status status="PASS" start="2024-06-04T15:29:37.837487" elapsed="0.009662"/>
</kw>
<kw name="Input Text" owner="SeleniumLibrary">
<msg time="2024-06-04T15:29:37.847998" level="INFO">Typing text 'INFOSYS LIMITED' into text field '//input[@id='searchText']'.</msg>
<arg>${SEARCH BAR}</arg>
<arg>${customer_name}</arg>
<doc>Types the given ``text`` into the text field identified by ``locator``.</doc>
<status status="PASS" start="2024-06-04T15:29:37.847998" elapsed="1.118363"/>
</kw>
<kw name="Wait Until Element Is Visible" owner="SeleniumLibrary">
<msg time="2024-06-04T15:29:47.935407" level="INFO" html="true">&lt;/td&gt;&lt;/tr&gt;&lt;tr&gt;&lt;td colspan="3"&gt;&lt;a href="selenium-screenshot-1.png"&gt;&lt;img src="selenium-screenshot-1.png" width="800px"&gt;&lt;/a&gt;</msg>
<msg time="2024-06-04T15:29:47.935407" level="FAIL">Element '(//div[@class='d-flex align-items-center'])[1]' not visible after 5 seconds.</msg>
<arg>${SEARCHED ITEM}</arg>
<doc>Waits until the element ``locator`` is visible.</doc>
<status status="FAIL" start="2024-06-04T15:29:38.967547" elapsed="8.970059">Element '(//div[@class='d-flex align-items-center'])[1]' not visible after 5 seconds.</status>
</kw>
<kw name="Sleep" owner="BuiltIn">
<arg>5s</arg>
<doc>Pauses the test executed for the given time.</doc>
<status status="NOT RUN" start="2024-06-04T15:29:47.938739" elapsed="0.000000"/>
</kw>
<kw name="Click on Searched Customer name in search list" owner="GenralKeywords">
<doc>Click on Searched Customer name in search list</doc>
<status status="NOT RUN" start="2024-06-04T15:29:47.938739" elapsed="0.000988"/>
</kw>
<kw name="Sleep" owner="BuiltIn">
<arg>3s</arg>
<doc>Pauses the test executed for the given time.</doc>
<status status="NOT RUN" start="2024-06-04T15:29:47.939727" elapsed="0.000000"/>
</kw>
<doc>Login to the application and search customer name</doc>
<status status="FAIL" start="2024-06-04T15:28:39.447347" elapsed="68.492380">Element '(//div[@class='d-flex align-items-center'])[1]' not visible after 5 seconds.</status>
</kw>
<kw name="Click on Alerts" owner="AlertsPage">
<doc>Click on Alerts</doc>
<status status="NOT RUN" start="2024-06-04T15:29:47.939727" elapsed="0.001146"/>
</kw>
<kw name="Location Should Contain" owner="SeleniumLibrary">
<arg>alerts</arg>
<doc>Verifies that the current URL contains ``expected``.</doc>
<status status="NOT RUN" start="2024-06-04T15:29:47.940873" elapsed="0.000000"/>
</kw>
<doc>TC-1 Test Alerts Page</doc>
<tag>Sanity</tag>
<status status="FAIL" start="2024-06-04T15:28:39.431699" elapsed="68.509174">Element '(//div[@class='d-flex align-items-center'])[1]' not visible after 5 seconds.</status>
</test>
<test id="s1-s1-s1-t2" name="Verify Alert details" line="19">
<kw name="Click on Details button" owner="AlertsPage">
<kw name="Click Button" owner="SeleniumLibrary">
<msg time="2024-06-04T15:29:47.947878" level="INFO">Clicking button '//button[text()='Details']'.</msg>
<msg time="2024-06-04T15:30:05.927253" level="INFO" html="true">&lt;/td&gt;&lt;/tr&gt;&lt;tr&gt;&lt;td colspan="3"&gt;&lt;a href="selenium-screenshot-2.png"&gt;&lt;img src="selenium-screenshot-2.png" width="800px"&gt;&lt;/a&gt;</msg>
<msg time="2024-06-04T15:30:05.933334" level="FAIL">Button with locator '//button[text()='Details']' not found.</msg>
<arg>${AlertDetailsBtn}</arg>
<doc>Clicks the button identified by ``locator``.</doc>
<status status="FAIL" start="2024-06-04T15:29:47.947878" elapsed="18.032116">Button with locator '//button[text()='Details']' not found.</status>
</kw>
<kw name="Sleep" owner="BuiltIn">
<arg>5s</arg>
<doc>Pauses the test executed for the given time.</doc>
<status status="NOT RUN" start="2024-06-04T15:30:06.051895" elapsed="0.015721"/>
</kw>
<kw name="Get Text" owner="SeleniumLibrary">
<var>${alert_details}</var>
<arg>${AlertDetails}</arg>
<doc>Returns the text value of the element identified by ``locator``.</doc>
<status status="NOT RUN" start="2024-06-04T15:30:06.067616" elapsed="0.015636"/>
</kw>
<kw name="Log To Console" owner="BuiltIn">
<arg>${alert_details}</arg>
<doc>Logs the given message to the console.</doc>
<status status="NOT RUN" start="2024-06-04T15:30:06.481387" elapsed="0.000000"/>
</kw>
<doc>Click on Alert details button to verify alert details</doc>
<status status="FAIL" start="2024-06-04T15:29:47.945656" elapsed="18.535731">Button with locator '//button[text()='Details']' not found.</status>
</kw>
<doc>TC-2 Test Alert Details page</doc>
<tag>Sanity</tag>
<status status="FAIL" start="2024-06-04T15:29:47.943880" elapsed="18.537507">Button with locator '//button[text()='Details']' not found.</status>
</test>
<test id="s1-s1-s1-t3" name="Verify if user can cancle the creation of cases from alert details pop-up" line="24">
<kw name="Click on create button to create manual case from alert details pop-up" owner="AlertsPage">
<kw name="Click Button" owner="SeleniumLibrary">
<msg time="2024-06-04T15:30:06.518602" level="INFO">Clicking button '//button[text()='Create']'.</msg>
<msg time="2024-06-04T15:30:16.653221" level="INFO" html="true">&lt;/td&gt;&lt;/tr&gt;&lt;tr&gt;&lt;td colspan="3"&gt;&lt;a href="selenium-screenshot-3.png"&gt;&lt;img src="selenium-screenshot-3.png" width="800px"&gt;&lt;/a&gt;</msg>
<msg time="2024-06-04T15:30:16.653221" level="FAIL">Button with locator '//button[text()='Create']' not found.</msg>
<arg>${createbtn}</arg>
<doc>Clicks the button identified by ``locator``.</doc>
<status status="FAIL" start="2024-06-04T15:30:06.512667" elapsed="10.144005">Button with locator '//button[text()='Create']' not found.</status>
</kw>
<doc>Create manual case from alert details page by clicking on create button</doc>
<status status="FAIL" start="2024-06-04T15:30:06.497042" elapsed="10.159630">Button with locator '//button[text()='Create']' not found.</status>
</kw>
<kw name="Sleep" owner="BuiltIn">
<arg>10s</arg>
<doc>Pauses the test executed for the given time.</doc>
<status status="NOT RUN" start="2024-06-04T15:30:16.656672" elapsed="0.000000"/>
</kw>
<kw name="Select Case Type" owner="AlertsPage">
<doc>Select Case Type</doc>
<status status="NOT RUN" start="2024-06-04T15:30:16.656672" elapsed="0.000000"/>
</kw>
<kw name="Sleep" owner="BuiltIn">
<arg>5s</arg>
<doc>Pauses the test executed for the given time.</doc>
<status status="NOT RUN" start="2024-06-04T15:30:16.656672" elapsed="0.000000"/>
</kw>
<kw name="Enter Case Description" owner="AlertsPage">
<doc>Enter Case Description</doc>
<status status="NOT RUN" start="2024-06-04T15:30:16.656672" elapsed="0.000000"/>
</kw>
<kw name="Sleep" owner="BuiltIn">
<arg>5s</arg>
<doc>Pauses the test executed for the given time.</doc>
<status status="NOT RUN" start="2024-06-04T15:30:16.660693" elapsed="0.000000"/>
</kw>
<kw name="Scroll Down" owner="GenralKeywords">
<status status="NOT RUN" start="2024-06-04T15:30:16.660693" elapsed="0.000000"/>
</kw>
<kw name="Click on Close button" owner="AlertsPage">
<status status="NOT RUN" start="2024-06-04T15:30:16.660693" elapsed="0.000000"/>
</kw>
<doc>TC-3 Test if user can cancle the creation of cases from alert details pop-up</doc>
<tag>Sanity</tag>
<status status="FAIL" start="2024-06-04T15:30:06.497042" elapsed="10.163651">Button with locator '//button[text()='Create']' not found.</status>
</test>
<test id="s1-s1-s1-t4" name="Verify if user can create the cases from alert details pop-up" line="36">
<kw name="Sleep" owner="BuiltIn">
<msg time="2024-06-04T15:30:21.662417" level="INFO">Slept 5 seconds.</msg>
<arg>5s</arg>
<doc>Pauses the test executed for the given time.</doc>
<status status="PASS" start="2024-06-04T15:30:16.660693" elapsed="5.001724"/>
</kw>
<try>
<branch type="TRY">
<kw name="Click on create button to create manual case from alert details pop-up" owner="AlertsPage">
<doc>Create manual case from alert details page by clicking on create button</doc>
<status status="NOT RUN" start="2024-06-04T15:30:21.662417" elapsed="0.000000"/>
</kw>
<kw name="Sleep" owner="BuiltIn">
<arg>10s</arg>
<doc>Pauses the test executed for the given time.</doc>
<status status="NOT RUN" start="2024-06-04T15:30:21.662417" elapsed="0.002518"/>
</kw>
<kw name="Select Case Type" owner="AlertsPage">
<doc>Select Case Type</doc>
<status status="NOT RUN" start="2024-06-04T15:30:21.664935" elapsed="0.000000"/>
</kw>
<kw name="Sleep" owner="BuiltIn">
<arg>5s</arg>
<doc>Pauses the test executed for the given time.</doc>
<status status="NOT RUN" start="2024-06-04T15:30:21.664935" elapsed="0.000000"/>
</kw>
<kw name="Enter Case Description" owner="AlertsPage">
<doc>Enter Case Description</doc>
<status status="NOT RUN" start="2024-06-04T15:30:21.664935" elapsed="0.000000"/>
</kw>
<kw name="Sleep" owner="BuiltIn">
<arg>5s</arg>
<doc>Pauses the test executed for the given time.</doc>
<status status="NOT RUN" start="2024-06-04T15:30:21.664935" elapsed="0.000000"/>
</kw>
<kw name="Scroll Down" owner="GenralKeywords">
<status status="NOT RUN" start="2024-06-04T15:30:21.664935" elapsed="0.000000"/>
</kw>
<kw name="Click on create button" owner="AlertsPage">
<status status="NOT RUN" start="2024-06-04T15:30:21.664935" elapsed="0.000000"/>
</kw>
<msg time="2024-06-04T15:30:21.664935" level="FAIL">TRY structure must have EXCEPT or FINALLY branch.</msg>
<status status="FAIL" start="2024-06-04T15:30:21.662417" elapsed="0.002518">TRY structure must have EXCEPT or FINALLY branch.</status>
</branch>
<branch type="ELSE">
<kw name="Click on View Button" owner="AlertsPage">
<status status="NOT RUN" start="2024-06-04T15:30:21.664935" elapsed="0.000000"/>
</kw>
<status status="NOT RUN" start="2024-06-04T15:30:21.664935" elapsed="0.000000"/>
</branch>
<status status="FAIL" start="2024-06-04T15:30:21.662417" elapsed="0.002518">TRY structure must have EXCEPT or FINALLY branch.</status>
</try>
<doc>TC-4 Test if user can create the cases or view the case from alert details pop-up</doc>
<tag>Sanity</tag>
<status status="FAIL" start="2024-06-04T15:30:16.660693" elapsed="5.004242">TRY structure must have EXCEPT or FINALLY branch.</status>
</test>
<status status="FAIL" start="2024-06-04T15:28:38.935700" elapsed="102.737253"/>
</suite>
<status status="FAIL" start="2024-06-04T15:28:38.934118" elapsed="102.738835"/>
</suite>
<status status="FAIL" start="2024-06-04T15:28:38.885594" elapsed="102.787359"/>
</suite>
<statistics>
<total>
<stat pass="0" fail="4" skip="0">All Tests</stat>
</total>
<tag>
<stat pass="0" fail="4" skip="0">Sanity</stat>
</tag>
<suite>
<stat pass="0" fail="4" skip="0" id="s1" name="TestSuites">TestSuites</stat>
<stat pass="0" fail="4" skip="0" id="s1-s1" name="TS14 Alerts">TestSuites.TS14 Alerts</stat>
<stat pass="0" fail="4" skip="0" id="s1-s1-s1" name="TC14 Alerts">TestSuites.TS14 Alerts.TC14 Alerts</stat>
</suite>
</statistics>
<errors>
</errors>
</robot>
