<?xml version="1.0" encoding="UTF-8"?>
<robot generator="Rebot 7.0 (Python 3.12.3 on win32)" generated="2024-06-04T15:38:59.529938" rpa="false" schemaversion="5">
<suite id="s1" name="TestSuites" source="C:\Users\Komal Kumari\PycharmProjects\CrediwatchAPP\TestSuites">
<suite id="s1-s1" name="TS1 Signin" source="C:\Users\Komal Kumari\PycharmProjects\CrediwatchAPP\TestSuites\TS1_Signin">
<suite id="s1-s1-s1" name="TC1 SIGNIN" source="C:\Users\Komal Kumari\PycharmProjects\CrediwatchAPP\TestSuites\TS1_Signin\TC1_SIGNIN.robot">
<test id="s1-s1-s1-t1" name="SignIn With Invalid Username and Invalid Password From CSV" line="24">
<kw name="Open Browser" owner="SeleniumLibrary">
<msg time="2024-06-04T15:27:28.097683" level="INFO">Opening browser 'Chrome' to base url 'https://www.crediwatch.net/'.</msg>
<arg>${URL}</arg>
<arg>${BROWSER}</arg>
<doc>Opens a new browser instance to the optional ``url``.</doc>
<status status="PASS" start="2024-06-04T15:27:28.096531" elapsed="31.827880"/>
</kw>
<kw name="Maximize Browser Window" owner="SeleniumLibrary">
<doc>Maximizes current browser window.</doc>
<status status="PASS" start="2024-06-04T15:27:59.924411" elapsed="0.593353"/>
</kw>
<kw name="Click Login Button" owner="SignINPage">
<kw name="Click Button" owner="SeleniumLibrary">
<msg time="2024-06-04T15:28:00.520787" level="INFO">Clicking button '//button[contains(text(),'Login')]'.</msg>
<arg>${LOGIN_BUTTON}</arg>
<doc>Clicks the button identified by ``locator``.</doc>
<status status="PASS" start="2024-06-04T15:28:00.519560" elapsed="2.905569"/>
</kw>
<doc>Clicks on the login button</doc>
<status status="PASS" start="2024-06-04T15:28:00.518760" elapsed="2.906369"/>
</kw>
<kw name="Sleep" owner="BuiltIn">
<msg time="2024-06-04T15:28:05.425648" level="INFO">Slept 2 seconds.</msg>
<arg>2s</arg>
<doc>Pauses the test executed for the given time.</doc>
<status status="PASS" start="2024-06-04T15:28:03.425129" elapsed="2.000519"/>
</kw>
<kw name="SignIn With Invalid Username and Invalid Password From CSV" owner="SignINPage">
<kw name="Read Csv File To Associative" owner="CSVLibrary">
<msg time="2024-06-04T15:28:05.429195" level="INFO">${credentials} = [{'username': 'user1', 'password': 'pass123'}, {'username': '.', 'password': 'Credi!123'}, {'username': 'credibot@crediwatch.com', 'password': '.'}, {'username': 'credibot@crediwatch.com', 'password':...</msg>
<var>${credentials}</var>
<arg>${SIGNIN_CSVFile}</arg>
<doc>Read CSV file and return its content as a Python list of dictionaries.</doc>
<status status="PASS" start="2024-06-04T15:28:05.427674" elapsed="0.001521"/>
</kw>
<kw name="Set Variable" owner="BuiltIn">
<msg time="2024-06-04T15:28:05.430649" level="INFO">${username} = user1</msg>
<var>${username}</var>
<arg>${credentials[0]['username']}</arg>
<doc>Returns the given values which can then be assigned to a variables.</doc>
<status status="PASS" start="2024-06-04T15:28:05.429195" elapsed="0.001454"/>
</kw>
<kw name="Set Variable" owner="BuiltIn">
<msg time="2024-06-04T15:28:05.432978" level="INFO">${password} = pass123</msg>
<var>${password}</var>
<arg>${credentials[0]['password']}</arg>
<doc>Returns the given values which can then be assigned to a variables.</doc>
<status status="PASS" start="2024-06-04T15:28:05.430649" elapsed="0.002329"/>
</kw>
<kw name="Input Text" owner="SeleniumLibrary">
<msg time="2024-06-04T15:28:05.433998" level="INFO">Typing text 'user1' into text field '(//input[@id='signInFormUsername'])[2]'.</msg>
<arg>(//input[@id='signInFormUsername'])[2]</arg>
<arg>${username}</arg>
<doc>Types the given ``text`` into the text field identified by ``locator``.</doc>
<status status="PASS" start="2024-06-04T15:28:05.432978" elapsed="0.812885"/>
</kw>
<kw name="Input Text" owner="SeleniumLibrary">
<msg time="2024-06-04T15:28:06.245863" level="INFO">Typing text 'pass123' into text field '(//input[@id='signInFormPassword'])[2]'.</msg>
<arg>(//input[@id='signInFormPassword'])[2]</arg>
<arg>${password}</arg>
<doc>Types the given ``text`` into the text field identified by ``locator``.</doc>
<status status="PASS" start="2024-06-04T15:28:06.245863" elapsed="1.060032"/>
</kw>
<doc>SignIn With Invalid Username and Invalid Password From CSV</doc>
<status status="PASS" start="2024-06-04T15:28:05.425648" elapsed="1.880247"/>
</kw>
<kw name="Click Signin Button" owner="SignINPage">
<kw name="Click Button" owner="SeleniumLibrary">
<msg time="2024-06-04T15:28:07.311411" level="INFO">Clicking button '(//input[@name='signInSubmitButton'])[2]'.</msg>
<arg>${Signin_Button}</arg>
<doc>Clicks the button identified by ``locator``.</doc>
<status status="PASS" start="2024-06-04T15:28:07.311411" elapsed="1.602534"/>
</kw>
<doc>Clicks on the signin button</doc>
<status status="PASS" start="2024-06-04T15:28:07.305895" elapsed="1.608050"/>
</kw>
<kw name="Get Title" owner="SeleniumLibrary">
<msg time="2024-06-04T15:28:08.932016" level="INFO">${title} = Signin</msg>
<var>${title}</var>
<doc>Returns the title of the current page.</doc>
<status status="PASS" start="2024-06-04T15:28:08.913945" elapsed="0.018071"/>
</kw>
<kw name="Log To Console" owner="BuiltIn">
<arg>${title}</arg>
<doc>Logs the given message to the console.</doc>
<status status="PASS" start="2024-06-04T15:28:08.932016" elapsed="0.000000"/>
</kw>
<kw name="Should Not Be Equal" owner="BuiltIn">
<arg>${title}</arg>
<arg>App - Crediwatch</arg>
<doc>Fails if the given objects are equal.</doc>
<status status="PASS" start="2024-06-04T15:28:08.935031" elapsed="0.000000"/>
</kw>
<doc>TC-1 Test the sign-in page using Invalid Username and Invalid Password From CSV</doc>
<tag>Sanity</tag>
<status status="PASS" start="2024-06-04T15:27:28.093130" elapsed="40.841901"/>
</test>
<test id="s1-s1-s1-t2" name="SignIn With Only Valid Password From CSV" line="37">
<kw name="SignIn With Only Valid Password From CSV" owner="SignINPage">
<kw name="Read Csv File To Associative" owner="CSVLibrary">
<msg time="2024-06-04T15:28:08.935031" level="INFO">${credentials} = [{'username': 'user1', 'password': 'pass123'}, {'username': '.', 'password': 'Credi!123'}, {'username': 'credibot@crediwatch.com', 'password': '.'}, {'username': 'credibot@crediwatch.com', 'password':...</msg>
<var>${credentials}</var>
<arg>${SIGNIN_CSVFile}</arg>
<doc>Read CSV file and return its content as a Python list of dictionaries.</doc>
<status status="PASS" start="2024-06-04T15:28:08.935031" elapsed="0.000000"/>
</kw>
<kw name="Set Variable" owner="BuiltIn">
<msg time="2024-06-04T15:28:08.935031" level="INFO">${username} = .</msg>
<var>${username}</var>
<arg>${credentials[1]['username']}</arg>
<doc>Returns the given values which can then be assigned to a variables.</doc>
<status status="PASS" start="2024-06-04T15:28:08.935031" elapsed="0.000000"/>
</kw>
<kw name="Set Variable" owner="BuiltIn">
<msg time="2024-06-04T15:28:08.943052" level="INFO">${password} = Credi!123</msg>
<var>${password}</var>
<arg>${credentials[1]['password']}</arg>
<doc>Returns the given values which can then be assigned to a variables.</doc>
<status status="PASS" start="2024-06-04T15:28:08.935031" elapsed="0.008021"/>
</kw>
<kw name="Input Text" owner="SeleniumLibrary">
<msg time="2024-06-04T15:28:08.943052" level="INFO">Typing text '.' into text field '(//input[@id='signInFormUsername'])[2]'.</msg>
<arg>(//input[@id='signInFormUsername'])[2]</arg>
<arg>${username}</arg>
<doc>Types the given ``text`` into the text field identified by ``locator``.</doc>
<status status="PASS" start="2024-06-04T15:28:08.943052" elapsed="0.877291"/>
</kw>
<kw name="Input Text" owner="SeleniumLibrary">
<msg time="2024-06-04T15:28:09.820343" level="INFO">Typing text 'Credi!123' into text field '(//input[@id='signInFormPassword'])[2]'.</msg>
<arg>(//input[@id='signInFormPassword'])[2]</arg>
<arg>${password}</arg>
<doc>Types the given ``text`` into the text field identified by ``locator``.</doc>
<status status="PASS" start="2024-06-04T15:28:09.820343" elapsed="0.241436"/>
</kw>
<doc>SignIn With Only Valid Password From CSV</doc>
<status status="PASS" start="2024-06-04T15:28:08.935031" elapsed="1.126748"/>
</kw>
<kw name="Click Signin Button" owner="SignINPage">
<kw name="Click Button" owner="SeleniumLibrary">
<msg time="2024-06-04T15:28:10.061779" level="INFO">Clicking button '(//input[@name='signInSubmitButton'])[2]'.</msg>
<arg>${Signin_Button}</arg>
<doc>Clicks the button identified by ``locator``.</doc>
<status status="PASS" start="2024-06-04T15:28:10.061779" elapsed="0.991620"/>
</kw>
<doc>Clicks on the signin button</doc>
<status status="PASS" start="2024-06-04T15:28:10.061779" elapsed="0.999613"/>
</kw>
<kw name="Get Title" owner="SeleniumLibrary">
<msg time="2024-06-04T15:28:11.077393" level="INFO">${title} = Signin</msg>
<var>${title}</var>
<doc>Returns the title of the current page.</doc>
<status status="PASS" start="2024-06-04T15:28:11.061392" elapsed="0.016001"/>
</kw>
<kw name="Log To Console" owner="BuiltIn">
<arg>${title}</arg>
<doc>Logs the given message to the console.</doc>
<status status="PASS" start="2024-06-04T15:28:11.077393" elapsed="0.000000"/>
</kw>
<kw name="Should Not Be Equal" owner="BuiltIn">
<arg>${title}</arg>
<arg>App - Crediwatch</arg>
<doc>Fails if the given objects are equal.</doc>
<status status="PASS" start="2024-06-04T15:28:11.077393" elapsed="0.000000"/>
</kw>
<doc>TC-2 Test the sign-in page using Only Valid Password From CSV</doc>
<tag>Sanity</tag>
<status status="PASS" start="2024-06-04T15:28:08.935031" elapsed="2.142362"/>
</test>
<test id="s1-s1-s1-t3" name="SignIn With Only Valid Username From CSV" line="46">
<kw name="SignIn With Only Valid Username From CSV" owner="SignINPage">
<kw name="Read Csv File To Associative" owner="CSVLibrary">
<msg time="2024-06-04T15:28:11.085414" level="INFO">${credentials} = [{'username': 'user1', 'password': 'pass123'}, {'username': '.', 'password': 'Credi!123'}, {'username': 'credibot@crediwatch.com', 'password': '.'}, {'username': 'credibot@crediwatch.com', 'password':...</msg>
<var>${credentials}</var>
<arg>${SIGNIN_CSVFile}</arg>
<doc>Read CSV file and return its content as a Python list of dictionaries.</doc>
<status status="PASS" start="2024-06-04T15:28:11.085414" elapsed="0.000000"/>
</kw>
<kw name="Set Variable" owner="BuiltIn">
<msg time="2024-06-04T15:28:11.085414" level="INFO">${username} = credibot@crediwatch.com</msg>
<var>${username}</var>
<arg>${credentials[2]['username']}</arg>
<doc>Returns the given values which can then be assigned to a variables.</doc>
<status status="PASS" start="2024-06-04T15:28:11.085414" elapsed="0.000000"/>
</kw>
<kw name="Set Variable" owner="BuiltIn">
<msg time="2024-06-04T15:28:11.089431" level="INFO">${password} = .</msg>
<var>${password}</var>
<arg>${credentials[2]['password']}</arg>
<doc>Returns the given values which can then be assigned to a variables.</doc>
<status status="PASS" start="2024-06-04T15:28:11.089431" elapsed="0.001538"/>
</kw>
<kw name="Input Text" owner="SeleniumLibrary">
<msg time="2024-06-04T15:28:11.090969" level="INFO">Typing text 'credibot@crediwatch.com' into text field '(//input[@id='signInFormUsername'])[2]'.</msg>
<arg>(//input[@id='signInFormUsername'])[2]</arg>
<arg>${username}</arg>
<doc>Types the given ``text`` into the text field identified by ``locator``.</doc>
<status status="PASS" start="2024-06-04T15:28:11.090969" elapsed="0.492056"/>
</kw>
<kw name="Input Text" owner="SeleniumLibrary">
<msg time="2024-06-04T15:28:11.583025" level="INFO">Typing text '.' into text field '(//input[@id='signInFormPassword'])[2]'.</msg>
<arg>(//input[@id='signInFormPassword'])[2]</arg>
<arg>${password}</arg>
<doc>Types the given ``text`` into the text field identified by ``locator``.</doc>
<status status="PASS" start="2024-06-04T15:28:11.583025" elapsed="0.284226"/>
</kw>
<doc>SignIn With Only Valid Username From CSV</doc>
<status status="PASS" start="2024-06-04T15:28:11.077393" elapsed="0.789858"/>
</kw>
<kw name="Click Signin Button" owner="SignINPage">
<kw name="Click Button" owner="SeleniumLibrary">
<msg time="2024-06-04T15:28:11.875472" level="INFO">Clicking button '(//input[@name='signInSubmitButton'])[2]'.</msg>
<arg>${Signin_Button}</arg>
<doc>Clicks the button identified by ``locator``.</doc>
<status status="PASS" start="2024-06-04T15:28:11.874508" elapsed="1.088854"/>
</kw>
<doc>Clicks on the signin button</doc>
<status status="PASS" start="2024-06-04T15:28:11.873909" elapsed="1.089453"/>
</kw>
<kw name="Get Title" owner="SeleniumLibrary">
<msg time="2024-06-04T15:28:12.987356" level="INFO">${title} = Signin</msg>
<var>${title}</var>
<doc>Returns the title of the current page.</doc>
<status status="PASS" start="2024-06-04T15:28:12.971364" elapsed="0.015992"/>
</kw>
<kw name="Log To Console" owner="BuiltIn">
<arg>${title}</arg>
<doc>Logs the given message to the console.</doc>
<status status="PASS" start="2024-06-04T15:28:12.995383" elapsed="0.000000"/>
</kw>
<kw name="Should Not Be Equal" owner="BuiltIn">
<arg>${title}</arg>
<arg>App - Crediwatch</arg>
<doc>Fails if the given objects are equal.</doc>
<status status="PASS" start="2024-06-04T15:28:12.995383" elapsed="0.002019"/>
</kw>
<doc>TC-3 Test the sign-in page using Only Valid Username From CSV</doc>
<tag>Sanity</tag>
<status status="PASS" start="2024-06-04T15:28:11.077393" elapsed="1.920009"/>
</test>
<test id="s1-s1-s1-t4" name="SignIn With Valid Username and Invalid Password From CSV" line="55">
<kw name="SignIn With Valid Username and Invalid Password From CSV" owner="SignINPage">
<kw name="Read Csv File To Associative" owner="CSVLibrary">
<msg time="2024-06-04T15:28:13.002499" level="INFO">${credentials} = [{'username': 'user1', 'password': 'pass123'}, {'username': '.', 'password': 'Credi!123'}, {'username': 'credibot@crediwatch.com', 'password': '.'}, {'username': 'credibot@crediwatch.com', 'password':...</msg>
<var>${credentials}</var>
<arg>${SIGNIN_CSVFile}</arg>
<doc>Read CSV file and return its content as a Python list of dictionaries.</doc>
<status status="PASS" start="2024-06-04T15:28:12.999950" elapsed="0.002549"/>
</kw>
<kw name="Set Variable" owner="BuiltIn">
<msg time="2024-06-04T15:28:13.003542" level="INFO">${username} = credibot@crediwatch.com</msg>
<var>${username}</var>
<arg>${credentials[3]['username']}</arg>
<doc>Returns the given values which can then be assigned to a variables.</doc>
<status status="PASS" start="2024-06-04T15:28:13.003542" elapsed="0.000000"/>
</kw>
<kw name="Set Variable" owner="BuiltIn">
<msg time="2024-06-04T15:28:13.003542" level="INFO">${password} = pass123</msg>
<var>${password}</var>
<arg>${credentials[3]['password']}</arg>
<doc>Returns the given values which can then be assigned to a variables.</doc>
<status status="PASS" start="2024-06-04T15:28:13.003542" elapsed="0.000000"/>
</kw>
<kw name="Input Text" owner="SeleniumLibrary">
<msg time="2024-06-04T15:28:13.003542" level="INFO">Typing text 'credibot@crediwatch.com' into text field '(//input[@id='signInFormUsername'])[2]'.</msg>
<arg>(//input[@id='signInFormUsername'])[2]</arg>
<arg>${username}</arg>
<doc>Types the given ``text`` into the text field identified by ``locator``.</doc>
<status status="PASS" start="2024-06-04T15:28:13.003542" elapsed="0.642727"/>
</kw>
<kw name="Input Text" owner="SeleniumLibrary">
<msg time="2024-06-04T15:28:13.648782" level="INFO">Typing text 'pass123' into text field '(//input[@id='signInFormPassword'])[2]'.</msg>
<arg>(//input[@id='signInFormPassword'])[2]</arg>
<arg>${password}</arg>
<doc>Types the given ``text`` into the text field identified by ``locator``.</doc>
<status status="PASS" start="2024-06-04T15:28:13.646269" elapsed="0.387234"/>
</kw>
<doc>SignIn With Valid Username and Invalid Password From CSV</doc>
<status status="PASS" start="2024-06-04T15:28:12.999950" elapsed="1.033553"/>
</kw>
<kw name="Click Signin Button" owner="SignINPage">
<kw name="Click Button" owner="SeleniumLibrary">
<msg time="2024-06-04T15:28:14.033503" level="INFO">Clicking button '(//input[@name='signInSubmitButton'])[2]'.</msg>
<arg>${Signin_Button}</arg>
<doc>Clicks the button identified by ``locator``.</doc>
<status status="PASS" start="2024-06-04T15:28:14.033503" elapsed="0.851816"/>
</kw>
<doc>Clicks on the signin button</doc>
<status status="PASS" start="2024-06-04T15:28:14.033503" elapsed="0.851816"/>
</kw>
<kw name="Get Title" owner="SeleniumLibrary">
<msg time="2024-06-04T15:28:14.918774" level="INFO">${title} = Signin</msg>
<var>${title}</var>
<doc>Returns the title of the current page.</doc>
<status status="PASS" start="2024-06-04T15:28:14.885319" elapsed="0.033455"/>
</kw>
<kw name="Log To Console" owner="BuiltIn">
<arg>${title}</arg>
<doc>Logs the given message to the console.</doc>
<status status="PASS" start="2024-06-04T15:28:14.918774" elapsed="0.000000"/>
</kw>
<kw name="Should Not Be Equal" owner="BuiltIn">
<arg>${title}</arg>
<arg>App - Crediwatch</arg>
<doc>Fails if the given objects are equal.</doc>
<status status="PASS" start="2024-06-04T15:28:14.918774" elapsed="0.000000"/>
</kw>
<doc>TC-4 Test the sign-in page using Valid Username and Invalid Password From CSV</doc>
<tag>Sanity</tag>
<status status="PASS" start="2024-06-04T15:28:12.997402" elapsed="1.921372"/>
</test>
<test id="s1-s1-s1-t5" name="SignIn With Invalid Username and Valid Password From CSV" line="64">
<kw name="SignIn With Invalid Username and Valid Password From CSV" owner="SignINPage">
<kw name="Read Csv File To Associative" owner="CSVLibrary">
<msg time="2024-06-04T15:28:14.925294" level="INFO">${credentials} = [{'username': 'user1', 'password': 'pass123'}, {'username': '.', 'password': 'Credi!123'}, {'username': 'credibot@crediwatch.com', 'password': '.'}, {'username': 'credibot@crediwatch.com', 'password':...</msg>
<var>${credentials}</var>
<arg>${SIGNIN_CSVFile}</arg>
<doc>Read CSV file and return its content as a Python list of dictionaries.</doc>
<status status="PASS" start="2024-06-04T15:28:14.918774" elapsed="0.006520"/>
</kw>
<kw name="Set Variable" owner="BuiltIn">
<msg time="2024-06-04T15:28:14.925294" level="INFO">${username} = user1</msg>
<var>${username}</var>
<arg>${credentials[4]['username']}</arg>
<doc>Returns the given values which can then be assigned to a variables.</doc>
<status status="PASS" start="2024-06-04T15:28:14.925294" elapsed="0.000000"/>
</kw>
<kw name="Set Variable" owner="BuiltIn">
<msg time="2024-06-04T15:28:14.933413" level="INFO">${password} = Credi!123</msg>
<var>${password}</var>
<arg>${credentials[4]['password']}</arg>
<doc>Returns the given values which can then be assigned to a variables.</doc>
<status status="PASS" start="2024-06-04T15:28:14.925294" elapsed="0.008119"/>
</kw>
<kw name="Input Text" owner="SeleniumLibrary">
<msg time="2024-06-04T15:28:14.933636" level="INFO">Typing text 'user1' into text field '(//input[@id='signInFormUsername'])[2]'.</msg>
<arg>(//input[@id='signInFormUsername'])[2]</arg>
<arg>${username}</arg>
<doc>Types the given ``text`` into the text field identified by ``locator``.</doc>
<status status="PASS" start="2024-06-04T15:28:14.933636" elapsed="0.313538"/>
</kw>
<kw name="Input Text" owner="SeleniumLibrary">
<msg time="2024-06-04T15:28:15.247174" level="INFO">Typing text 'Credi!123' into text field '(//input[@id='signInFormPassword'])[2]'.</msg>
<arg>(//input[@id='signInFormPassword'])[2]</arg>
<arg>${password}</arg>
<doc>Types the given ``text`` into the text field identified by ``locator``.</doc>
<status status="PASS" start="2024-06-04T15:28:15.247174" elapsed="0.291152"/>
</kw>
<doc>SignIn With Invalid Username and Valid Password From CSV</doc>
<status status="PASS" start="2024-06-04T15:28:14.918774" elapsed="0.619552"/>
</kw>
<kw name="Click Signin Button" owner="SignINPage">
<kw name="Click Button" owner="SeleniumLibrary">
<msg time="2024-06-04T15:28:15.538326" level="INFO">Clicking button '(//input[@name='signInSubmitButton'])[2]'.</msg>
<arg>${Signin_Button}</arg>
<doc>Clicks the button identified by ``locator``.</doc>
<status status="PASS" start="2024-06-04T15:28:15.538326" elapsed="1.296332"/>
</kw>
<doc>Clicks on the signin button</doc>
<status status="PASS" start="2024-06-04T15:28:15.538326" elapsed="1.296332"/>
</kw>
<kw name="Get Title" owner="SeleniumLibrary">
<msg time="2024-06-04T15:28:16.862358" level="INFO">${title} = Signin</msg>
<var>${title}</var>
<doc>Returns the title of the current page.</doc>
<status status="PASS" start="2024-06-04T15:28:16.842690" elapsed="0.019668"/>
</kw>
<kw name="Log To Console" owner="BuiltIn">
<arg>${title}</arg>
<doc>Logs the given message to the console.</doc>
<status status="PASS" start="2024-06-04T15:28:16.862358" elapsed="0.000000"/>
</kw>
<kw name="Should Not Be Equal" owner="BuiltIn">
<arg>${title}</arg>
<arg>App - Crediwatch</arg>
<doc>Fails if the given objects are equal.</doc>
<status status="PASS" start="2024-06-04T15:28:16.862358" elapsed="0.000000"/>
</kw>
<doc>TC-5 Test the sign-in page using Invalid Username and Valid Password From CSV</doc>
<tag>Sanity</tag>
<status status="PASS" start="2024-06-04T15:28:14.918774" elapsed="1.943584"/>
</test>
<test id="s1-s1-s1-t6" name="SignIn With blank Username and blank Password From CSV" line="73">
<kw name="SignIn With blank Username and blank Password From CSV" owner="SignINPage">
<kw name="Read Csv File To Associative" owner="CSVLibrary">
<msg time="2024-06-04T15:28:16.867875" level="INFO">${credentials} = [{'username': 'user1', 'password': 'pass123'}, {'username': '.', 'password': 'Credi!123'}, {'username': 'credibot@crediwatch.com', 'password': '.'}, {'username': 'credibot@crediwatch.com', 'password':...</msg>
<var>${credentials}</var>
<arg>${SIGNIN_CSVFile}</arg>
<doc>Read CSV file and return its content as a Python list of dictionaries.</doc>
<status status="PASS" start="2024-06-04T15:28:16.862358" elapsed="0.005517"/>
</kw>
<kw name="Set Variable" owner="BuiltIn">
<msg time="2024-06-04T15:28:16.867875" level="INFO">${username} = .</msg>
<var>${username}</var>
<arg>${credentials[5]['username']}</arg>
<doc>Returns the given values which can then be assigned to a variables.</doc>
<status status="PASS" start="2024-06-04T15:28:16.867875" elapsed="0.000000"/>
</kw>
<kw name="Set Variable" owner="BuiltIn">
<msg time="2024-06-04T15:28:16.867875" level="INFO">${password} = .</msg>
<var>${password}</var>
<arg>${credentials[5]['password']}</arg>
<doc>Returns the given values which can then be assigned to a variables.</doc>
<status status="PASS" start="2024-06-04T15:28:16.867875" elapsed="0.000000"/>
</kw>
<kw name="Input Text" owner="SeleniumLibrary">
<msg time="2024-06-04T15:28:16.867875" level="INFO">Typing text '.' into text field '(//input[@id='signInFormUsername'])[2]'.</msg>
<arg>(//input[@id='signInFormUsername'])[2]</arg>
<arg>${username}</arg>
<doc>Types the given ``text`` into the text field identified by ``locator``.</doc>
<status status="PASS" start="2024-06-04T15:28:16.867875" elapsed="0.163242"/>
</kw>
<kw name="Input Text" owner="SeleniumLibrary">
<msg time="2024-06-04T15:28:17.043754" level="INFO">Typing text '.' into text field '(//input[@id='signInFormPassword'])[2]'.</msg>
<arg>(//input[@id='signInFormPassword'])[2]</arg>
<arg>${password}</arg>
<doc>Types the given ``text`` into the text field identified by ``locator``.</doc>
<status status="PASS" start="2024-06-04T15:28:17.031117" elapsed="0.232718"/>
</kw>
<doc>SignIn With blank Username and blank Password From CSV</doc>
<status status="PASS" start="2024-06-04T15:28:16.862358" elapsed="0.402696"/>
</kw>
<kw name="Click Signin Button" owner="SignINPage">
<kw name="Click Button" owner="SeleniumLibrary">
<msg time="2024-06-04T15:28:17.265054" level="INFO">Clicking button '(//input[@name='signInSubmitButton'])[2]'.</msg>
<arg>${Signin_Button}</arg>
<doc>Clicks the button identified by ``locator``.</doc>
<status status="PASS" start="2024-06-04T15:28:17.265054" elapsed="1.385554"/>
</kw>
<doc>Clicks on the signin button</doc>
<status status="PASS" start="2024-06-04T15:28:17.265054" elapsed="1.385554"/>
</kw>
<kw name="Get Title" owner="SeleniumLibrary">
<msg time="2024-06-04T15:28:18.691088" level="INFO">${title} = Signin</msg>
<var>${title}</var>
<doc>Returns the title of the current page.</doc>
<status status="PASS" start="2024-06-04T15:28:18.650608" elapsed="0.040480"/>
</kw>
<kw name="Log To Console" owner="BuiltIn">
<arg>${title}</arg>
<doc>Logs the given message to the console.</doc>
<status status="PASS" start="2024-06-04T15:28:18.691088" elapsed="0.000000"/>
</kw>
<kw name="Should Not Be Equal" owner="BuiltIn">
<arg>${title}</arg>
<arg>App - Crediwatch</arg>
<doc>Fails if the given objects are equal.</doc>
<status status="PASS" start="2024-06-04T15:28:18.699746" elapsed="0.000000"/>
</kw>
<doc>TC-6 Test the sign-in page using blank Username and blank Password From CSV</doc>
<tag>Sanity</tag>
<status status="PASS" start="2024-06-04T15:28:16.862358" elapsed="1.837388"/>
</test>
<test id="s1-s1-s1-t7" name="SignIn With Valid Username and Valid Password From CSV" line="83">
<kw name="SignIn With Valid Username and Valid Password From CSV" owner="SignINPage">
<kw name="Read Csv File To Associative" owner="CSVLibrary">
<msg time="2024-06-04T15:28:18.718897" level="INFO">${credentials} = [{'username': 'user1', 'password': 'pass123'}, {'username': '.', 'password': 'Credi!123'}, {'username': 'credibot@crediwatch.com', 'password': '.'}, {'username': 'credibot@crediwatch.com', 'password':...</msg>
<var>${credentials}</var>
<arg>${SIGNIN_CSVFile}</arg>
<doc>Read CSV file and return its content as a Python list of dictionaries.</doc>
<status status="PASS" start="2024-06-04T15:28:18.707275" elapsed="0.011622"/>
</kw>
<kw name="Set Variable" owner="BuiltIn">
<msg time="2024-06-04T15:28:18.720958" level="INFO">${username} = credibot@crediwatch.com</msg>
<var>${username}</var>
<arg>${credentials[6]['username']}</arg>
<doc>Returns the given values which can then be assigned to a variables.</doc>
<status status="PASS" start="2024-06-04T15:28:18.718897" elapsed="0.002061"/>
</kw>
<kw name="Set Variable" owner="BuiltIn">
<msg time="2024-06-04T15:28:18.729477" level="INFO">${password} = Credi!123</msg>
<var>${password}</var>
<arg>${credentials[6]['password']}</arg>
<doc>Returns the given values which can then be assigned to a variables.</doc>
<status status="PASS" start="2024-06-04T15:28:18.724210" elapsed="0.005267"/>
</kw>
<kw name="Input Text" owner="SeleniumLibrary">
<msg time="2024-06-04T15:28:18.731998" level="INFO">Typing text 'credibot@crediwatch.com' into text field '(//input[@id='signInFormUsername'])[2]'.</msg>
<arg>(//input[@id='signInFormUsername'])[2]</arg>
<arg>${username}</arg>
<doc>Types the given ``text`` into the text field identified by ``locator``.</doc>
<status status="PASS" start="2024-06-04T15:28:18.731998" elapsed="0.657336"/>
</kw>
<kw name="Input Text" owner="SeleniumLibrary">
<msg time="2024-06-04T15:28:19.389334" level="INFO">Typing text 'Credi!123' into text field '(//input[@id='signInFormPassword'])[2]'.</msg>
<arg>(//input[@id='signInFormPassword'])[2]</arg>
<arg>${password}</arg>
<doc>Types the given ``text`` into the text field identified by ``locator``.</doc>
<status status="PASS" start="2024-06-04T15:28:19.389334" elapsed="0.316960"/>
</kw>
<doc>SignIn With Valid Username and Valid Password From CSV</doc>
<status status="PASS" start="2024-06-04T15:28:18.699746" elapsed="1.006548"/>
</kw>
<kw name="Click Signin Button" owner="SignINPage">
<kw name="Click Button" owner="SeleniumLibrary">
<msg time="2024-06-04T15:28:19.711715" level="INFO">Clicking button '(//input[@name='signInSubmitButton'])[2]'.</msg>
<arg>${Signin_Button}</arg>
<doc>Clicks the button identified by ``locator``.</doc>
<status status="PASS" start="2024-06-04T15:28:19.711715" elapsed="1.851619"/>
</kw>
<doc>Clicks on the signin button</doc>
<status status="PASS" start="2024-06-04T15:28:19.710649" elapsed="1.852685"/>
</kw>
<kw name="Sleep" owner="BuiltIn">
<msg time="2024-06-04T15:28:26.069213" level="INFO">Slept 3 seconds.</msg>
<arg>3s</arg>
<doc>Pauses the test executed for the given time.</doc>
<status status="PASS" start="2024-06-04T15:28:21.563334" elapsed="4.505879"/>
</kw>
<kw name="Get Title" owner="SeleniumLibrary">
<msg time="2024-06-04T15:28:27.557876" level="INFO">${title} = App - Crediwatch</msg>
<var>${title}</var>
<doc>Returns the title of the current page.</doc>
<status status="PASS" start="2024-06-04T15:28:26.082935" elapsed="1.474941"/>
</kw>
<kw name="Log To Console" owner="BuiltIn">
<arg>${title}</arg>
<doc>Logs the given message to the console.</doc>
<status status="PASS" start="2024-06-04T15:28:27.557876" elapsed="0.008469"/>
</kw>
<kw name="Should Be Equal" owner="BuiltIn">
<arg>${title}</arg>
<arg>App - Crediwatch</arg>
<doc>Fails if the given objects are unequal.</doc>
<status status="PASS" start="2024-06-04T15:28:27.566345" elapsed="0.007064"/>
</kw>
<doc>TC-7 Test the sign-in page using Valid Username and Valid Password From CSV</doc>
<tag>Sanity</tag>
<status status="PASS" start="2024-06-04T15:28:18.699746" elapsed="8.873663"/>
</test>
<status status="PASS" start="2024-06-04T15:27:27.552000" elapsed="62.787544"/>
</suite>
<status status="PASS" start="2024-06-04T15:27:27.546000" elapsed="62.805544"/>
</suite>
<suite id="s1-s2" name="TS10 GstnInfo" source="C:\Users\Komal Kumari\PycharmProjects\CrediwatchAPP\TestSuites\TS10_GstnInfo">
<suite id="s1-s2-s1" name="TC10 GSTN INFO" source="C:\Users\Komal Kumari\PycharmProjects\CrediwatchAPP\TestSuites\TS10_GstnInfo\TC10_GSTN_INFO.robot">
<test id="s1-s2-s1-t1" name="Verifying GSTN Info page" line="11">
<kw name="Login to the application and search customer name" owner="GenralKeywords">
<kw name="Open Browser" owner="SeleniumLibrary">
<msg time="2024-06-04T15:27:28.139657" level="INFO">Opening browser 'Chrome' to base url 'https://www.crediwatch.net/'.</msg>
<arg>${URL}</arg>
<arg>${BROWSER}</arg>
<doc>Opens a new browser instance to the optional ``url``.</doc>
<status status="PASS" start="2024-06-04T15:27:28.138478" elapsed="29.766810"/>
</kw>
<kw name="Maximize Browser Window" owner="SeleniumLibrary">
<doc>Maximizes current browser window.</doc>
<status status="PASS" start="2024-06-04T15:27:57.905288" elapsed="0.601444"/>
</kw>
<kw name="Click Login Button" owner="GenralKeywords">
<kw name="Click Button" owner="SeleniumLibrary">
<msg time="2024-06-04T15:27:58.508730" level="INFO">Clicking button '//button[contains(text(),'Login')]'.</msg>
<arg>${LOGIN_BUTTON}</arg>
<doc>Clicks the button identified by ``locator``.</doc>
<status status="PASS" start="2024-06-04T15:27:58.507726" elapsed="4.962161"/>
</kw>
<doc>Clicks on the login button</doc>
<status status="PASS" start="2024-06-04T15:27:58.506732" elapsed="4.963155"/>
</kw>
<kw name="Sleep" owner="BuiltIn">
<msg time="2024-06-04T15:28:05.469973" level="INFO">Slept 2 seconds.</msg>
<arg>2s</arg>
<doc>Pauses the test executed for the given time.</doc>
<status status="PASS" start="2024-06-04T15:28:03.469887" elapsed="2.000086"/>
</kw>
<kw name="SignIn to the Application" owner="GenralKeywords">
<kw name="Input Text" owner="SeleniumLibrary">
<msg time="2024-06-04T15:28:05.472210" level="INFO">Typing text 'credibot@ktkbank.com' into text field '(//input[@id='signInFormUsername'])[2]'.</msg>
<arg>(//input[@id='signInFormUsername'])[2]</arg>
<arg>${username}</arg>
<doc>Types the given ``text`` into the text field identified by ``locator``.</doc>
<status status="PASS" start="2024-06-04T15:28:05.471636" elapsed="1.847234"/>
</kw>
<kw name="Input Text" owner="SeleniumLibrary">
<msg time="2024-06-04T15:28:07.318870" level="INFO">Typing text 'Credi!123' into text field '(//input[@id='signInFormPassword'])[2]'.</msg>
<arg>(//input[@id='signInFormPassword'])[2]</arg>
<arg>${password}</arg>
<doc>Types the given ``text`` into the text field identified by ``locator``.</doc>
<status status="PASS" start="2024-06-04T15:28:07.318870" elapsed="0.541592"/>
</kw>
<arg>credibot@ktkbank.com</arg>
<arg>Credi!123</arg>
<doc>Signs in using provided username and password</doc>
<status status="PASS" start="2024-06-04T15:28:05.470570" elapsed="2.395923"/>
</kw>
<kw name="Click Signin Button" owner="GenralKeywords">
<kw name="Click Button" owner="SeleniumLibrary">
<msg time="2024-06-04T15:28:07.866493" level="INFO">Clicking button '(//input[@name='signInSubmitButton'])[2]'.</msg>
<arg>${Signin_Button}</arg>
<doc>Clicks the button identified by ``locator``.</doc>
<status status="PASS" start="2024-06-04T15:28:07.866493" elapsed="2.682665"/>
</kw>
<doc>Clicks on the signin button</doc>
<status status="PASS" start="2024-06-04T15:28:07.866493" elapsed="2.682665"/>
</kw>
<kw name="Set Selenium Implicit Wait" owner="SeleniumLibrary">
<arg>4S</arg>
<doc>Sets the implicit wait value used by Selenium.</doc>
<status status="PASS" start="2024-06-04T15:28:10.549158" elapsed="0.000000"/>
</kw>
<kw name="Click Search Bar" owner="GenralKeywords">
<kw name="Click Element" owner="SeleniumLibrary">
<msg time="2024-06-04T15:28:10.549158" level="INFO">Clicking element '//input[@id='searchText']'.</msg>
<arg>${SEARCH BAR}</arg>
<doc>Click the element identified by ``locator``.</doc>
<status status="PASS" start="2024-06-04T15:28:10.549158" elapsed="2.908250"/>
</kw>
<doc>Clicks on the search bar</doc>
<status status="PASS" start="2024-06-04T15:28:10.549158" elapsed="2.908250"/>
</kw>
<kw name="Read Customer Name From CSV" owner="GenralKeywords">
<kw name="Read Csv File To Associative" owner="CSVLibrary">
<msg time="2024-06-04T15:28:13.514170" level="INFO">${data} = [{'customername': 'INFOSYS LIMITED'}, {'customername': 'COFFEE DAY ENTERPRISES LIMITED'}, {'customername': 'PIRAMAL ENTERPRISES LIMITED'}, {'customername': 'JSW CEMENT LIMITED'}, {'customername': 'ADA...</msg>
<var>${data}</var>
<arg>${parties_csvfile}</arg>
<doc>Read CSV file and return its content as a Python list of dictionaries.</doc>
<status status="PASS" start="2024-06-04T15:28:13.459115" elapsed="0.055055"/>
</kw>
<kw name="Set Variable" owner="BuiltIn">
<msg time="2024-06-04T15:28:13.514170" level="INFO">${customer_name} = INFOSYS LIMITED</msg>
<var>${customer_name}</var>
<arg>${data[0]['customername']}</arg>
<doc>Returns the given values which can then be assigned to a variables.</doc>
<status status="PASS" start="2024-06-04T15:28:13.514170" elapsed="0.000000"/>
</kw>
<return>
<value>${customer_name}</value>
<status status="PASS" start="2024-06-04T15:28:13.514170" elapsed="0.000000"/>
</return>
<msg time="2024-06-04T15:28:13.514170" level="INFO">${customer_name} = INFOSYS LIMITED</msg>
<var>${customer_name}</var>
<doc>Reads customer name from CSV file</doc>
<status status="PASS" start="2024-06-04T15:28:13.459115" elapsed="0.070699"/>
</kw>
<kw name="Input Text" owner="SeleniumLibrary">
<msg time="2024-06-04T15:28:13.529814" level="INFO">Typing text 'INFOSYS LIMITED' into text field '//input[@id='searchText']'.</msg>
<arg>${SEARCH BAR}</arg>
<arg>${customer_name}</arg>
<doc>Types the given ``text`` into the text field identified by ``locator``.</doc>
<status status="PASS" start="2024-06-04T15:28:13.529814" elapsed="0.837580"/>
</kw>
<kw name="Wait Until Element Is Visible" owner="SeleniumLibrary">
<msg time="2024-06-04T15:28:33.826010" level="INFO" html="true">&lt;/td&gt;&lt;/tr&gt;&lt;tr&gt;&lt;td colspan="3"&gt;&lt;a href="1-selenium-screenshot-1.png"&gt;&lt;img src="1-selenium-screenshot-1.png" width="800px"&gt;&lt;/a&gt;</msg>
<msg time="2024-06-04T15:28:33.835090" level="FAIL">Element '(//div[@class='d-flex align-items-center'])[1]' not visible after 5 seconds.</msg>
<arg>${SEARCHED ITEM}</arg>
<doc>Waits until the element ``locator`` is visible.</doc>
<status status="FAIL" start="2024-06-04T15:28:14.367394" elapsed="19.469713">Element '(//div[@class='d-flex align-items-center'])[1]' not visible after 5 seconds.</status>
</kw>
<kw name="Sleep" owner="BuiltIn">
<arg>5s</arg>
<doc>Pauses the test executed for the given time.</doc>
<status status="NOT RUN" start="2024-06-04T15:28:33.837107" elapsed="0.000000"/>
</kw>
<kw name="Click on Searched Customer name in search list" owner="GenralKeywords">
<doc>Click on Searched Customer name in search list</doc>
<status status="NOT RUN" start="2024-06-04T15:28:33.837107" elapsed="0.000000"/>
</kw>
<kw name="Sleep" owner="BuiltIn">
<arg>3s</arg>
<doc>Pauses the test executed for the given time.</doc>
<status status="NOT RUN" start="2024-06-04T15:28:33.837107" elapsed="0.000000"/>
</kw>
<doc>Login to the application and search customer name</doc>
<status status="FAIL" start="2024-06-04T15:27:28.134769" elapsed="65.702338">Element '(//div[@class='d-flex align-items-center'])[1]' not visible after 5 seconds.</status>
</kw>
<kw name="Sleep" owner="BuiltIn">
<arg>10s</arg>
<doc>Pauses the test executed for the given time.</doc>
<status status="NOT RUN" start="2024-06-04T15:28:33.837107" elapsed="0.000000"/>
</kw>
<kw name="Scroll menu bar down" owner="GenralKeywords">
<status status="NOT RUN" start="2024-06-04T15:28:33.841902" elapsed="0.000000"/>
</kw>
<kw name="Click GSTN Info Link" owner="GSTN_InfoPage">
<doc>Clicks on the GSTN Info link</doc>
<status status="NOT RUN" start="2024-06-04T15:28:33.841902" elapsed="0.000000"/>
</kw>
<kw name="Sleep" owner="BuiltIn">
<arg>10s</arg>
<doc>Pauses the test executed for the given time.</doc>
<status status="NOT RUN" start="2024-06-04T15:28:33.843425" elapsed="0.000000"/>
</kw>
<kw name="Location Should Contain" owner="SeleniumLibrary">
<arg>gstn-info</arg>
<doc>Verifies that the current URL contains ``expected``.</doc>
<status status="NOT RUN" start="2024-06-04T15:28:33.843425" elapsed="0.000000"/>
</kw>
<doc>TC-1 Test the GSTN Info page</doc>
<tag>Sanity</tag>
<status status="FAIL" start="2024-06-04T15:27:28.130391" elapsed="65.713034">Element '(//div[@class='d-flex align-items-center'])[1]' not visible after 5 seconds.</status>
</test>
<test id="s1-s2-s1-t2" name="Verify if user can log the GSTN Info Data on console" line="22">
<kw name="Sleep" owner="BuiltIn">
<msg time="2024-06-04T15:28:43.844321" level="INFO">Slept 10 seconds.</msg>
<arg>10s</arg>
<doc>Pauses the test executed for the given time.</doc>
<status status="PASS" start="2024-06-04T15:28:33.843425" elapsed="10.000896"/>
</kw>
<kw name="Log GSTN Info data on console" owner="GSTN_InfoPage">
<kw name="Get Text" owner="SeleniumLibrary">
<msg time="2024-06-04T15:28:53.936969" level="INFO" html="true">&lt;/td&gt;&lt;/tr&gt;&lt;tr&gt;&lt;td colspan="3"&gt;&lt;a href="1-selenium-screenshot-2.png"&gt;&lt;img src="1-selenium-screenshot-2.png" width="800px"&gt;&lt;/a&gt;</msg>
<msg time="2024-06-04T15:28:53.936969" level="FAIL">Element with locator '//div[@class='tab-pane active']' not found.</msg>
<var>${gstninfo_data}</var>
<arg>${GSTNInfoData}</arg>
<doc>Returns the text value of the element identified by ``locator``.</doc>
<status status="FAIL" start="2024-06-04T15:28:43.844321" elapsed="10.102169">Element with locator '//div[@class='tab-pane active']' not found.</status>
</kw>
<kw name="Log To Console" owner="BuiltIn">
<arg>GST INFO Data:</arg>
<arg>${gstninfo_data}</arg>
<doc>Logs the given message to the console.</doc>
<status status="NOT RUN" start="2024-06-04T15:28:53.946490" elapsed="0.000000"/>
</kw>
<status status="FAIL" start="2024-06-04T15:28:43.844321" elapsed="10.102169">Element with locator '//div[@class='tab-pane active']' not found.</status>
</kw>
<doc>TC-2 Test if user can log the GSTN Info Data on console</doc>
<tag>Sanity</tag>
<status status="FAIL" start="2024-06-04T15:28:33.843425" elapsed="20.103065">Element with locator '//div[@class='tab-pane active']' not found.</status>
</test>
<status status="FAIL" start="2024-06-04T15:27:27.565502" elapsed="86.380988"/>
</suite>
<status status="FAIL" start="2024-06-04T15:27:27.562074" elapsed="86.389670"/>
</suite>
<suite id="s1-s3" name="TS11 EPFO" source="C:\Users\Komal Kumari\PycharmProjects\CrediwatchAPP\TestSuites\TS11_EPFO">
<suite id="s1-s3-s1" name="TC11 EPFO" source="C:\Users\Komal Kumari\PycharmProjects\CrediwatchAPP\TestSuites\TS11_EPFO\TC11_EPFO.robot">
<test id="s1-s3-s1-t1" name="Verifying EPFO page" line="11">
<kw name="Login to the application and search customer name" owner="GenralKeywords">
<kw name="Open Browser" owner="SeleniumLibrary">
<msg time="2024-06-04T15:27:28.130391" level="INFO">Opening browser 'Chrome' to base url 'https://www.crediwatch.net/'.</msg>
<arg>${URL}</arg>
<arg>${BROWSER}</arg>
<doc>Opens a new browser instance to the optional ``url``.</doc>
<status status="PASS" start="2024-06-04T15:27:28.130391" elapsed="26.611568"/>
</kw>
<kw name="Maximize Browser Window" owner="SeleniumLibrary">
<doc>Maximizes current browser window.</doc>
<status status="PASS" start="2024-06-04T15:27:54.741959" elapsed="0.400647"/>
</kw>
<kw name="Click Login Button" owner="GenralKeywords">
<kw name="Click Button" owner="SeleniumLibrary">
<msg time="2024-06-04T15:27:55.142606" level="INFO">Clicking button '//button[contains(text(),'Login')]'.</msg>
<arg>${LOGIN_BUTTON}</arg>
<doc>Clicks the button identified by ``locator``.</doc>
<status status="PASS" start="2024-06-04T15:27:55.142606" elapsed="4.810310"/>
</kw>
<doc>Clicks on the login button</doc>
<status status="PASS" start="2024-06-04T15:27:55.142606" elapsed="4.811659"/>
</kw>
<kw name="Sleep" owner="BuiltIn">
<msg time="2024-06-04T15:28:01.956193" level="INFO">Slept 2 seconds.</msg>
<arg>2s</arg>
<doc>Pauses the test executed for the given time.</doc>
<status status="PASS" start="2024-06-04T15:27:59.954690" elapsed="2.001503"/>
</kw>
<kw name="SignIn to the Application" owner="GenralKeywords">
<kw name="Input Text" owner="SeleniumLibrary">
<msg time="2024-06-04T15:28:01.958040" level="INFO">Typing text 'credibot@ktkbank.com' into text field '(//input[@id='signInFormUsername'])[2]'.</msg>
<arg>(//input[@id='signInFormUsername'])[2]</arg>
<arg>${username}</arg>
<doc>Types the given ``text`` into the text field identified by ``locator``.</doc>
<status status="PASS" start="2024-06-04T15:28:01.957722" elapsed="1.884146"/>
</kw>
<kw name="Input Text" owner="SeleniumLibrary">
<msg time="2024-06-04T15:28:03.848912" level="INFO">Typing text 'Credi!123' into text field '(//input[@id='signInFormPassword'])[2]'.</msg>
<arg>(//input[@id='signInFormPassword'])[2]</arg>
<arg>${password}</arg>
<doc>Types the given ``text`` into the text field identified by ``locator``.</doc>
<status status="PASS" start="2024-06-04T15:28:03.841868" elapsed="0.380395"/>
</kw>
<arg>credibot@ktkbank.com</arg>
<arg>Credi!123</arg>
<doc>Signs in using provided username and password</doc>
<status status="PASS" start="2024-06-04T15:28:01.956193" elapsed="2.266070"/>
</kw>
<kw name="Click Signin Button" owner="GenralKeywords">
<kw name="Click Button" owner="SeleniumLibrary">
<msg time="2024-06-04T15:28:04.224618" level="INFO">Clicking button '(//input[@name='signInSubmitButton'])[2]'.</msg>
<arg>${Signin_Button}</arg>
<doc>Clicks the button identified by ``locator``.</doc>
<status status="PASS" start="2024-06-04T15:28:04.223408" elapsed="3.424587"/>
</kw>
<doc>Clicks on the signin button</doc>
<status status="PASS" start="2024-06-04T15:28:04.223408" elapsed="3.424587"/>
</kw>
<kw name="Set Selenium Implicit Wait" owner="SeleniumLibrary">
<arg>4S</arg>
<doc>Sets the implicit wait value used by Selenium.</doc>
<status status="PASS" start="2024-06-04T15:28:07.647995" elapsed="0.000000"/>
</kw>
<kw name="Click Search Bar" owner="GenralKeywords">
<kw name="Click Element" owner="SeleniumLibrary">
<msg time="2024-06-04T15:28:07.656015" level="INFO">Clicking element '//input[@id='searchText']'.</msg>
<arg>${SEARCH BAR}</arg>
<doc>Click the element identified by ``locator``.</doc>
<status status="PASS" start="2024-06-04T15:28:07.656015" elapsed="3.978575"/>
</kw>
<doc>Clicks on the search bar</doc>
<status status="PASS" start="2024-06-04T15:28:07.647995" elapsed="3.986595"/>
</kw>
<kw name="Read Customer Name From CSV" owner="GenralKeywords">
<kw name="Read Csv File To Associative" owner="CSVLibrary">
<msg time="2024-06-04T15:28:11.646248" level="INFO">${data} = [{'customername': 'INFOSYS LIMITED'}, {'customername': 'COFFEE DAY ENTERPRISES LIMITED'}, {'customername': 'PIRAMAL ENTERPRISES LIMITED'}, {'customername': 'JSW CEMENT LIMITED'}, {'customername': 'ADA...</msg>
<var>${data}</var>
<arg>${parties_csvfile}</arg>
<doc>Read CSV file and return its content as a Python list of dictionaries.</doc>
<status status="PASS" start="2024-06-04T15:28:11.634590" elapsed="0.011658"/>
</kw>
<kw name="Set Variable" owner="BuiltIn">
<msg time="2024-06-04T15:28:11.646942" level="INFO">${customer_name} = INFOSYS LIMITED</msg>
<var>${customer_name}</var>
<arg>${data[0]['customername']}</arg>
<doc>Returns the given values which can then be assigned to a variables.</doc>
<status status="PASS" start="2024-06-04T15:28:11.646248" elapsed="0.000694"/>
</kw>
<return>
<value>${customer_name}</value>
<status status="PASS" start="2024-06-04T15:28:11.646942" elapsed="0.000000"/>
</return>
<msg time="2024-06-04T15:28:11.646942" level="INFO">${customer_name} = INFOSYS LIMITED</msg>
<var>${customer_name}</var>
<doc>Reads customer name from CSV file</doc>
<status status="PASS" start="2024-06-04T15:28:11.634590" elapsed="0.012352"/>
</kw>
<kw name="Input Text" owner="SeleniumLibrary">
<msg time="2024-06-04T15:28:11.646942" level="INFO">Typing text 'INFOSYS LIMITED' into text field '//input[@id='searchText']'.</msg>
<arg>${SEARCH BAR}</arg>
<arg>${customer_name}</arg>
<doc>Types the given ``text`` into the text field identified by ``locator``.</doc>
<status status="PASS" start="2024-06-04T15:28:11.646942" elapsed="0.785816"/>
</kw>
<kw name="Wait Until Element Is Visible" owner="SeleniumLibrary">
<msg time="2024-06-04T15:28:34.076628" level="INFO" html="true">&lt;/td&gt;&lt;/tr&gt;&lt;tr&gt;&lt;td colspan="3"&gt;&lt;a href="2-selenium-screenshot-1.png"&gt;&lt;img src="2-selenium-screenshot-1.png" width="800px"&gt;&lt;/a&gt;</msg>
<msg time="2024-06-04T15:28:34.076628" level="FAIL">Element '(//div[@class='d-flex align-items-center'])[1]' not visible after 5 seconds.</msg>
<arg>${SEARCHED ITEM}</arg>
<doc>Waits until the element ``locator`` is visible.</doc>
<status status="FAIL" start="2024-06-04T15:28:12.432758" elapsed="21.643870">Element '(//div[@class='d-flex align-items-center'])[1]' not visible after 5 seconds.</status>
</kw>
<kw name="Sleep" owner="BuiltIn">
<arg>5s</arg>
<doc>Pauses the test executed for the given time.</doc>
<status status="NOT RUN" start="2024-06-04T15:28:34.076628" elapsed="0.000000"/>
</kw>
<kw name="Click on Searched Customer name in search list" owner="GenralKeywords">
<doc>Click on Searched Customer name in search list</doc>
<status status="NOT RUN" start="2024-06-04T15:28:34.076628" elapsed="0.000000"/>
</kw>
<kw name="Sleep" owner="BuiltIn">
<arg>3s</arg>
<doc>Pauses the test executed for the given time.</doc>
<status status="NOT RUN" start="2024-06-04T15:28:34.076628" elapsed="0.000000"/>
</kw>
<doc>Login to the application and search customer name</doc>
<status status="FAIL" start="2024-06-04T15:27:28.128143" elapsed="65.948485">Element '(//div[@class='d-flex align-items-center'])[1]' not visible after 5 seconds.</status>
</kw>
<kw name="Scroll menu bar down" owner="GenralKeywords">
<status status="NOT RUN" start="2024-06-04T15:28:34.085644" elapsed="0.000069"/>
</kw>
<kw name="Click EPFO Link" owner="EPFOPage">
<doc>Clicks on the EPFO link</doc>
<status status="NOT RUN" start="2024-06-04T15:28:34.085713" elapsed="0.000000"/>
</kw>
<kw name="Sleep" owner="BuiltIn">
<arg>5s</arg>
<doc>Pauses the test executed for the given time.</doc>
<status status="NOT RUN" start="2024-06-04T15:28:34.087732" elapsed="0.010000"/>
</kw>
<kw name="Location Should Contain" owner="SeleniumLibrary">
<arg>epfo</arg>
<doc>Verifies that the current URL contains ``expected``.</doc>
<status status="NOT RUN" start="2024-06-04T15:28:34.097732" elapsed="0.000000"/>
</kw>
<doc>TC-1 Test the EPFO page</doc>
<tag>Sanity</tag>
<status status="FAIL" start="2024-06-04T15:27:28.125814" elapsed="65.971918">Element '(//div[@class='d-flex align-items-center'])[1]' not visible after 5 seconds.</status>
</test>
<status status="FAIL" start="2024-06-04T15:27:27.514990" elapsed="66.582742"/>
</suite>
<status status="FAIL" start="2024-06-04T15:27:27.510505" elapsed="66.587227"/>
</suite>
<suite id="s1-s4" name="TS12 NEWS" source="C:\Users\Komal Kumari\PycharmProjects\CrediwatchAPP\TestSuites\TS12_NEWS">
<suite id="s1-s4-s1" name="TC12 NEWS" source="C:\Users\Komal Kumari\PycharmProjects\CrediwatchAPP\TestSuites\TS12_NEWS\TC12_NEWS.robot">
<test id="s1-s4-s1-t1" name="Verifying NEWS page" line="10">
<kw name="Login to the application and search customer name" owner="GenralKeywords">
<kw name="Open Browser" owner="SeleniumLibrary">
<msg time="2024-06-04T15:27:28.120749" level="INFO">Opening browser 'Chrome' to base url 'https://www.crediwatch.net/'.</msg>
<arg>${URL}</arg>
<arg>${BROWSER}</arg>
<doc>Opens a new browser instance to the optional ``url``.</doc>
<status status="PASS" start="2024-06-04T15:27:28.119616" elapsed="29.379413"/>
</kw>
<kw name="Maximize Browser Window" owner="SeleniumLibrary">
<doc>Maximizes current browser window.</doc>
<status status="PASS" start="2024-06-04T15:27:57.499029" elapsed="0.348208"/>
</kw>
<kw name="Click Login Button" owner="GenralKeywords">
<kw name="Click Button" owner="SeleniumLibrary">
<msg time="2024-06-04T15:27:57.847237" level="INFO">Clicking button '//button[contains(text(),'Login')]'.</msg>
<arg>${LOGIN_BUTTON}</arg>
<doc>Clicks the button identified by ``locator``.</doc>
<status status="PASS" start="2024-06-04T15:27:57.847237" elapsed="3.271541"/>
</kw>
<doc>Clicks on the login button</doc>
<status status="PASS" start="2024-06-04T15:27:57.847237" elapsed="3.271541"/>
</kw>
<kw name="Sleep" owner="BuiltIn">
<msg time="2024-06-04T15:28:03.119850" level="INFO">Slept 2 seconds.</msg>
<arg>2s</arg>
<doc>Pauses the test executed for the given time.</doc>
<status status="PASS" start="2024-06-04T15:28:01.119572" elapsed="2.000795"/>
</kw>
<kw name="SignIn to the Application" owner="GenralKeywords">
<kw name="Input Text" owner="SeleniumLibrary">
<msg time="2024-06-04T15:28:03.123385" level="INFO">Typing text 'credibot@ktkbank.com' into text field '(//input[@id='signInFormUsername'])[2]'.</msg>
<arg>(//input[@id='signInFormUsername'])[2]</arg>
<arg>${username}</arg>
<doc>Types the given ``text`` into the text field identified by ``locator``.</doc>
<status status="PASS" start="2024-06-04T15:28:03.122384" elapsed="1.052900"/>
</kw>
<kw name="Input Text" owner="SeleniumLibrary">
<msg time="2024-06-04T15:28:04.176456" level="INFO">Typing text 'Credi!123' into text field '(//input[@id='signInFormPassword'])[2]'.</msg>
<arg>(//input[@id='signInFormPassword'])[2]</arg>
<arg>${password}</arg>
<doc>Types the given ``text`` into the text field identified by ``locator``.</doc>
<status status="PASS" start="2024-06-04T15:28:04.176456" elapsed="0.312538"/>
</kw>
<arg>credibot@ktkbank.com</arg>
<arg>Credi!123</arg>
<doc>Signs in using provided username and password</doc>
<status status="PASS" start="2024-06-04T15:28:03.120367" elapsed="1.369816"/>
</kw>
<kw name="Click Signin Button" owner="GenralKeywords">
<kw name="Click Button" owner="SeleniumLibrary">
<msg time="2024-06-04T15:28:04.491334" level="INFO">Clicking button '(//input[@name='signInSubmitButton'])[2]'.</msg>
<arg>${Signin_Button}</arg>
<doc>Clicks the button identified by ``locator``.</doc>
<status status="PASS" start="2024-06-04T15:28:04.491334" elapsed="2.852739"/>
</kw>
<doc>Clicks on the signin button</doc>
<status status="PASS" start="2024-06-04T15:28:04.490183" elapsed="2.853890"/>
</kw>
<kw name="Set Selenium Implicit Wait" owner="SeleniumLibrary">
<arg>4S</arg>
<doc>Sets the implicit wait value used by Selenium.</doc>
<status status="PASS" start="2024-06-04T15:28:07.344073" elapsed="0.015627"/>
</kw>
<kw name="Click Search Bar" owner="GenralKeywords">
<kw name="Click Element" owner="SeleniumLibrary">
<msg time="2024-06-04T15:28:07.359700" level="INFO">Clicking element '//input[@id='searchText']'.</msg>
<arg>${SEARCH BAR}</arg>
<doc>Click the element identified by ``locator``.</doc>
<status status="PASS" start="2024-06-04T15:28:07.359700" elapsed="3.790713"/>
</kw>
<doc>Clicks on the search bar</doc>
<status status="PASS" start="2024-06-04T15:28:07.359700" elapsed="3.790713"/>
</kw>
<kw name="Read Customer Name From CSV" owner="GenralKeywords">
<kw name="Read Csv File To Associative" owner="CSVLibrary">
<msg time="2024-06-04T15:28:11.150413" level="INFO">${data} = [{'customername': 'INFOSYS LIMITED'}, {'customername': 'COFFEE DAY ENTERPRISES LIMITED'}, {'customername': 'PIRAMAL ENTERPRISES LIMITED'}, {'customername': 'JSW CEMENT LIMITED'}, {'customername': 'ADA...</msg>
<var>${data}</var>
<arg>${parties_csvfile}</arg>
<doc>Read CSV file and return its content as a Python list of dictionaries.</doc>
<status status="PASS" start="2024-06-04T15:28:11.150413" elapsed="0.000000"/>
</kw>
<kw name="Set Variable" owner="BuiltIn">
<msg time="2024-06-04T15:28:11.150413" level="INFO">${customer_name} = INFOSYS LIMITED</msg>
<var>${customer_name}</var>
<arg>${data[0]['customername']}</arg>
<doc>Returns the given values which can then be assigned to a variables.</doc>
<status status="PASS" start="2024-06-04T15:28:11.150413" elapsed="0.000000"/>
</kw>
<return>
<value>${customer_name}</value>
<status status="PASS" start="2024-06-04T15:28:11.158512" elapsed="0.002400"/>
</return>
<msg time="2024-06-04T15:28:11.160912" level="INFO">${customer_name} = INFOSYS LIMITED</msg>
<var>${customer_name}</var>
<doc>Reads customer name from CSV file</doc>
<status status="PASS" start="2024-06-04T15:28:11.150413" elapsed="0.010499"/>
</kw>
<kw name="Input Text" owner="SeleniumLibrary">
<msg time="2024-06-04T15:28:11.160912" level="INFO">Typing text 'INFOSYS LIMITED' into text field '//input[@id='searchText']'.</msg>
<arg>${SEARCH BAR}</arg>
<arg>${customer_name}</arg>
<doc>Types the given ``text`` into the text field identified by ``locator``.</doc>
<status status="PASS" start="2024-06-04T15:28:11.160912" elapsed="0.880370"/>
</kw>
<kw name="Wait Until Element Is Visible" owner="SeleniumLibrary">
<msg time="2024-06-04T15:28:21.038145" level="INFO" html="true">&lt;/td&gt;&lt;/tr&gt;&lt;tr&gt;&lt;td colspan="3"&gt;&lt;a href="3-selenium-screenshot-1.png"&gt;&lt;img src="3-selenium-screenshot-1.png" width="800px"&gt;&lt;/a&gt;</msg>
<msg time="2024-06-04T15:28:21.038145" level="FAIL">Element '(//div[@class='d-flex align-items-center'])[1]' not visible after 5 seconds.</msg>
<arg>${SEARCHED ITEM}</arg>
<doc>Waits until the element ``locator`` is visible.</doc>
<status status="FAIL" start="2024-06-04T15:28:12.041282" elapsed="9.003027">Element '(//div[@class='d-flex align-items-center'])[1]' not visible after 5 seconds.</status>
</kw>
<kw name="Sleep" owner="BuiltIn">
<arg>5s</arg>
<doc>Pauses the test executed for the given time.</doc>
<status status="NOT RUN" start="2024-06-04T15:28:21.044309" elapsed="0.000000"/>
</kw>
<kw name="Click on Searched Customer name in search list" owner="GenralKeywords">
<doc>Click on Searched Customer name in search list</doc>
<status status="NOT RUN" start="2024-06-04T15:28:21.044309" elapsed="0.000000"/>
</kw>
<kw name="Sleep" owner="BuiltIn">
<arg>3s</arg>
<doc>Pauses the test executed for the given time.</doc>
<status status="NOT RUN" start="2024-06-04T15:28:21.044309" elapsed="0.000000"/>
</kw>
<doc>Login to the application and search customer name</doc>
<status status="FAIL" start="2024-06-04T15:27:28.116110" elapsed="52.928199">Element '(//div[@class='d-flex align-items-center'])[1]' not visible after 5 seconds.</status>
</kw>
<kw name="Scroll menu bar down" owner="GenralKeywords">
<status status="NOT RUN" start="2024-06-04T15:28:21.044309" elapsed="0.000000"/>
</kw>
<kw name="Click NEWS Link" owner="NEWSPage">
<doc>Clicks on the NEWS link</doc>
<status status="NOT RUN" start="2024-06-04T15:28:21.044309" elapsed="0.000000"/>
</kw>
<kw name="Location Should Contain" owner="SeleniumLibrary">
<arg>news</arg>
<doc>Verifies that the current URL contains ``expected``.</doc>
<status status="NOT RUN" start="2024-06-04T15:28:21.044309" elapsed="0.000000"/>
</kw>
<kw name="Sleep" owner="BuiltIn">
<arg>5s</arg>
<doc>Pauses the test executed for the given time.</doc>
<status status="NOT RUN" start="2024-06-04T15:28:21.044309" elapsed="0.000000"/>
</kw>
<doc>TC-1 Test the NEWS page</doc>
<tag>Sanity</tag>
<status status="FAIL" start="2024-06-04T15:27:28.114957" elapsed="52.929352">Element '(//div[@class='d-flex align-items-center'])[1]' not visible after 5 seconds.</status>
</test>
<status status="FAIL" start="2024-06-04T15:27:27.539522" elapsed="53.504787"/>
</suite>
<status status="FAIL" start="2024-06-04T15:27:27.536049" elapsed="53.516279"/>
</suite>
<suite id="s1-s5" name="TS13 Ratings" source="C:\Users\Komal Kumari\PycharmProjects\CrediwatchAPP\TestSuites\TS13_Ratings">
<suite id="s1-s5-s1" name="TC13 Ratings" source="C:\Users\Komal Kumari\PycharmProjects\CrediwatchAPP\TestSuites\TS13_Ratings\TC13_Ratings.robot">
<test id="s1-s5-s1-t1" name="Verify Ratings Page" line="11">
<kw name="Login to the application and search customer name" owner="GenralKeywords">
<kw name="Open Browser" owner="SeleniumLibrary">
<msg time="2024-06-04T15:28:38.009651" level="INFO">Opening browser 'Chrome' to base url 'https://www.crediwatch.net/'.</msg>
<arg>${URL}</arg>
<arg>${BROWSER}</arg>
<doc>Opens a new browser instance to the optional ``url``.</doc>
<status status="PASS" start="2024-06-04T15:28:38.009651" elapsed="43.871978"/>
</kw>
<kw name="Maximize Browser Window" owner="SeleniumLibrary">
<doc>Maximizes current browser window.</doc>
<status status="PASS" start="2024-06-04T15:29:21.882812" elapsed="0.307768"/>
</kw>
<kw name="Click Login Button" owner="GenralKeywords">
<kw name="Click Button" owner="SeleniumLibrary">
<msg time="2024-06-04T15:29:22.194338" level="INFO">Clicking button '//button[contains(text(),'Login')]'.</msg>
<arg>${LOGIN_BUTTON}</arg>
<doc>Clicks the button identified by ``locator``.</doc>
<status status="PASS" start="2024-06-04T15:29:22.193145" elapsed="3.971179"/>
</kw>
<doc>Clicks on the login button</doc>
<status status="PASS" start="2024-06-04T15:29:22.191604" elapsed="3.973724"/>
</kw>
<kw name="Sleep" owner="BuiltIn">
<msg time="2024-06-04T15:29:28.165567" level="INFO">Slept 2 seconds.</msg>
<arg>2s</arg>
<doc>Pauses the test executed for the given time.</doc>
<status status="PASS" start="2024-06-04T15:29:26.165475" elapsed="2.000092"/>
</kw>
<kw name="SignIn to the Application" owner="GenralKeywords">
<kw name="Input Text" owner="SeleniumLibrary">
<msg time="2024-06-04T15:29:28.167991" level="INFO">Typing text 'credibot@ktkbank.com' into text field '(//input[@id='signInFormUsername'])[2]'.</msg>
<arg>(//input[@id='signInFormUsername'])[2]</arg>
<arg>${username}</arg>
<doc>Types the given ``text`` into the text field identified by ``locator``.</doc>
<status status="PASS" start="2024-06-04T15:29:28.167387" elapsed="0.272683"/>
</kw>
<kw name="Input Text" owner="SeleniumLibrary">
<msg time="2024-06-04T15:29:28.441233" level="INFO">Typing text 'Credi!123' into text field '(//input[@id='signInFormPassword'])[2]'.</msg>
<arg>(//input[@id='signInFormPassword'])[2]</arg>
<arg>${password}</arg>
<doc>Types the given ``text`` into the text field identified by ``locator``.</doc>
<status status="PASS" start="2024-06-04T15:29:28.441233" elapsed="0.415342"/>
</kw>
<arg>credibot@ktkbank.com</arg>
<arg>Credi!123</arg>
<doc>Signs in using provided username and password</doc>
<status status="PASS" start="2024-06-04T15:29:28.166246" elapsed="0.690329"/>
</kw>
<kw name="Click Signin Button" owner="GenralKeywords">
<kw name="Click Button" owner="SeleniumLibrary">
<msg time="2024-06-04T15:29:28.858261" level="INFO">Clicking button '(//input[@name='signInSubmitButton'])[2]'.</msg>
<arg>${Signin_Button}</arg>
<doc>Clicks the button identified by ``locator``.</doc>
<status status="PASS" start="2024-06-04T15:29:28.857089" elapsed="3.031114"/>
</kw>
<doc>Clicks on the signin button</doc>
<status status="PASS" start="2024-06-04T15:29:28.857089" elapsed="3.031114"/>
</kw>
<kw name="Set Selenium Implicit Wait" owner="SeleniumLibrary">
<arg>4S</arg>
<doc>Sets the implicit wait value used by Selenium.</doc>
<status status="PASS" start="2024-06-04T15:29:31.888203" elapsed="0.014191"/>
</kw>
<kw name="Click Search Bar" owner="GenralKeywords">
<kw name="Click Element" owner="SeleniumLibrary">
<msg time="2024-06-04T15:29:31.903525" level="INFO">Clicking element '//input[@id='searchText']'.</msg>
<arg>${SEARCH BAR}</arg>
<doc>Click the element identified by ``locator``.</doc>
<status status="PASS" start="2024-06-04T15:29:31.903525" elapsed="3.763009"/>
</kw>
<doc>Clicks on the search bar</doc>
<status status="PASS" start="2024-06-04T15:29:31.902394" elapsed="3.764140"/>
</kw>
<kw name="Read Customer Name From CSV" owner="GenralKeywords">
<kw name="Read Csv File To Associative" owner="CSVLibrary">
<msg time="2024-06-04T15:29:35.671079" level="INFO">${data} = [{'customername': 'INFOSYS LIMITED'}, {'customername': 'COFFEE DAY ENTERPRISES LIMITED'}, {'customername': 'PIRAMAL ENTERPRISES LIMITED'}, {'customername': 'JSW CEMENT LIMITED'}, {'customername': 'ADA...</msg>
<var>${data}</var>
<arg>${parties_csvfile}</arg>
<doc>Read CSV file and return its content as a Python list of dictionaries.</doc>
<status status="PASS" start="2024-06-04T15:29:35.668546" elapsed="0.002533"/>
</kw>
<kw name="Set Variable" owner="BuiltIn">
<msg time="2024-06-04T15:29:35.673074" level="INFO">${customer_name} = INFOSYS LIMITED</msg>
<var>${customer_name}</var>
<arg>${data[0]['customername']}</arg>
<doc>Returns the given values which can then be assigned to a variables.</doc>
<status status="PASS" start="2024-06-04T15:29:35.671079" elapsed="0.001995"/>
</kw>
<return>
<value>${customer_name}</value>
<status status="PASS" start="2024-06-04T15:29:35.673074" elapsed="0.000000"/>
</return>
<msg time="2024-06-04T15:29:35.673074" level="INFO">${customer_name} = INFOSYS LIMITED</msg>
<var>${customer_name}</var>
<doc>Reads customer name from CSV file</doc>
<status status="PASS" start="2024-06-04T15:29:35.667547" elapsed="0.007050"/>
</kw>
<kw name="Input Text" owner="SeleniumLibrary">
<msg time="2024-06-04T15:29:35.674597" level="INFO">Typing text 'INFOSYS LIMITED' into text field '//input[@id='searchText']'.</msg>
<arg>${SEARCH BAR}</arg>
<arg>${customer_name}</arg>
<doc>Types the given ``text`` into the text field identified by ``locator``.</doc>
<status status="PASS" start="2024-06-04T15:29:35.674597" elapsed="1.621026"/>
</kw>
<kw name="Wait Until Element Is Visible" owner="SeleniumLibrary">
<msg time="2024-06-04T15:29:46.264312" level="INFO" html="true">&lt;/td&gt;&lt;/tr&gt;&lt;tr&gt;&lt;td colspan="3"&gt;&lt;a href="4-selenium-screenshot-1.png"&gt;&lt;img src="4-selenium-screenshot-1.png" width="800px"&gt;&lt;/a&gt;</msg>
<msg time="2024-06-04T15:29:46.264312" level="FAIL">Element '(//div[@class='d-flex align-items-center'])[1]' not visible after 5 seconds.</msg>
<arg>${SEARCHED ITEM}</arg>
<doc>Waits until the element ``locator`` is visible.</doc>
<status status="FAIL" start="2024-06-04T15:29:37.303653" elapsed="8.966913">Element '(//div[@class='d-flex align-items-center'])[1]' not visible after 5 seconds.</status>
</kw>
<kw name="Sleep" owner="BuiltIn">
<arg>5s</arg>
<doc>Pauses the test executed for the given time.</doc>
<status status="NOT RUN" start="2024-06-04T15:29:46.271709" elapsed="0.000000"/>
</kw>
<kw name="Click on Searched Customer name in search list" owner="GenralKeywords">
<doc>Click on Searched Customer name in search list</doc>
<status status="NOT RUN" start="2024-06-04T15:29:46.271709" elapsed="0.000000"/>
</kw>
<kw name="Sleep" owner="BuiltIn">
<arg>3s</arg>
<doc>Pauses the test executed for the given time.</doc>
<status status="NOT RUN" start="2024-06-04T15:29:46.272836" elapsed="0.000000"/>
</kw>
<doc>Login to the application and search customer name</doc>
<status status="FAIL" start="2024-06-04T15:28:38.009651" elapsed="68.263185">Element '(//div[@class='d-flex align-items-center'])[1]' not visible after 5 seconds.</status>
</kw>
<kw name="Sleep" owner="BuiltIn">
<arg>20s</arg>
<doc>Pauses the test executed for the given time.</doc>
<status status="NOT RUN" start="2024-06-04T15:29:46.272836" elapsed="0.000000"/>
</kw>
<kw name="Scroll menu bar down" owner="GenralKeywords">
<status status="NOT RUN" start="2024-06-04T15:29:46.273949" elapsed="0.000000"/>
</kw>
<kw name="Sleep" owner="BuiltIn">
<arg>10s</arg>
<doc>Pauses the test executed for the given time.</doc>
<status status="NOT RUN" start="2024-06-04T15:29:46.273949" elapsed="0.000000"/>
</kw>
<kw name="Click on Ratings Link" owner="Ratings">
<doc>Click on Ratings Link</doc>
<status status="NOT RUN" start="2024-06-04T15:29:46.275061" elapsed="0.000000"/>
</kw>
<kw name="Location Should Contain" owner="SeleniumLibrary">
<arg>ratings</arg>
<doc>Verifies that the current URL contains ``expected``.</doc>
<status status="NOT RUN" start="2024-06-04T15:29:46.275061" elapsed="0.000000"/>
</kw>
<doc>TC-1 Test Ratings page</doc>
<tag>Sanity</tag>
<status status="FAIL" start="2024-06-04T15:28:37.994005" elapsed="68.285575">Element '(//div[@class='d-flex align-items-center'])[1]' not visible after 5 seconds.</status>
</test>
<test id="s1-s5-s1-t2" name="Validate if user is able to click on view icon to view Rating History" line="21">
<kw name="Click on view icon" owner="Ratings">
<kw name="Click Element" owner="SeleniumLibrary">
<msg time="2024-06-04T15:29:46.283103" level="INFO">Clicking element '//div[@class='cursor-pointer']'.</msg>
<msg time="2024-06-04T15:29:50.722036" level="INFO" html="true">&lt;/td&gt;&lt;/tr&gt;&lt;tr&gt;&lt;td colspan="3"&gt;&lt;a href="4-selenium-screenshot-2.png"&gt;&lt;img src="4-selenium-screenshot-2.png" width="800px"&gt;&lt;/a&gt;</msg>
<msg time="2024-06-04T15:29:50.722036" level="FAIL">Element with locator '//div[@class='cursor-pointer']' not found.</msg>
<arg>${View}</arg>
<doc>Click the element identified by ``locator``.</doc>
<status status="FAIL" start="2024-06-04T15:29:46.283103" elapsed="4.447630">Element with locator '//div[@class='cursor-pointer']' not found.</status>
</kw>
<status status="FAIL" start="2024-06-04T15:29:46.279580" elapsed="4.451327">Element with locator '//div[@class='cursor-pointer']' not found.</status>
</kw>
<doc>TC-2 Test if user is able to click on view icon to view Rating History</doc>
<tag>Sanity</tag>
<status status="FAIL" start="2024-06-04T15:29:46.279580" elapsed="4.451327">Element with locator '//div[@class='cursor-pointer']' not found.</status>
</test>
<status status="FAIL" start="2024-06-04T15:28:37.378504" elapsed="73.353509"/>
</suite>
<status status="FAIL" start="2024-06-04T15:28:37.367356" elapsed="73.366350"/>
</suite>
<suite id="s1-s6" name="TS14 Alerts" source="C:\Users\Komal Kumari\PycharmProjects\CrediwatchAPP\TestSuites\TS14_Alerts">
<suite id="s1-s6-s1" name="TC14 Alerts" source="C:\Users\Komal Kumari\PycharmProjects\CrediwatchAPP\TestSuites\TS14_Alerts\TC14_Alerts.robot">
<test id="s1-s6-s1-t1" name="Verify Alert Page" line="12">
<kw name="Login to the application and search customer name" owner="GenralKeywords">
<kw name="Open Browser" owner="SeleniumLibrary">
<msg time="2024-06-04T15:28:39.447347" level="INFO">Opening browser 'Chrome' to base url 'https://www.crediwatch.net/'.</msg>
<arg>${URL}</arg>
<arg>${BROWSER}</arg>
<doc>Opens a new browser instance to the optional ``url``.</doc>
<status status="PASS" start="2024-06-04T15:28:39.447347" elapsed="42.930417"/>
</kw>
<kw name="Maximize Browser Window" owner="SeleniumLibrary">
<doc>Maximizes current browser window.</doc>
<status status="PASS" start="2024-06-04T15:29:22.377859" elapsed="1.278725"/>
</kw>
<kw name="Click Login Button" owner="GenralKeywords">
<kw name="Click Button" owner="SeleniumLibrary">
<msg time="2024-06-04T15:29:23.659383" level="INFO">Clicking button '//button[contains(text(),'Login')]'.</msg>
<arg>${LOGIN_BUTTON}</arg>
<doc>Clicks the button identified by ``locator``.</doc>
<status status="PASS" start="2024-06-04T15:29:23.657716" elapsed="3.513882"/>
</kw>
<doc>Clicks on the login button</doc>
<status status="PASS" start="2024-06-04T15:29:23.657716" elapsed="3.513882"/>
</kw>
<kw name="Sleep" owner="BuiltIn">
<msg time="2024-06-04T15:29:29.172917" level="INFO">Slept 2 seconds.</msg>
<arg>2s</arg>
<doc>Pauses the test executed for the given time.</doc>
<status status="PASS" start="2024-06-04T15:29:27.171598" elapsed="2.001319"/>
</kw>
<kw name="SignIn to the Application" owner="GenralKeywords">
<kw name="Input Text" owner="SeleniumLibrary">
<msg time="2024-06-04T15:29:29.175271" level="INFO">Typing text 'credibot@ktkbank.com' into text field '(//input[@id='signInFormUsername'])[2]'.</msg>
<arg>(//input[@id='signInFormUsername'])[2]</arg>
<arg>${username}</arg>
<doc>Types the given ``text`` into the text field identified by ``locator``.</doc>
<status status="PASS" start="2024-06-04T15:29:29.174112" elapsed="0.277187"/>
</kw>
<kw name="Input Text" owner="SeleniumLibrary">
<msg time="2024-06-04T15:29:29.452442" level="INFO">Typing text 'Credi!123' into text field '(//input[@id='signInFormPassword'])[2]'.</msg>
<arg>(//input[@id='signInFormPassword'])[2]</arg>
<arg>${password}</arg>
<doc>Types the given ``text`` into the text field identified by ``locator``.</doc>
<status status="PASS" start="2024-06-04T15:29:29.451299" elapsed="0.150578"/>
</kw>
<arg>credibot@ktkbank.com</arg>
<arg>Credi!123</arg>
<doc>Signs in using provided username and password</doc>
<status status="PASS" start="2024-06-04T15:29:29.172917" elapsed="0.428960"/>
</kw>
<kw name="Click Signin Button" owner="GenralKeywords">
<kw name="Click Button" owner="SeleniumLibrary">
<msg time="2024-06-04T15:29:29.604119" level="INFO">Clicking button '(//input[@name='signInSubmitButton'])[2]'.</msg>
<arg>${Signin_Button}</arg>
<doc>Clicks the button identified by ``locator``.</doc>
<status status="PASS" start="2024-06-04T15:29:29.603014" elapsed="3.189588"/>
</kw>
<doc>Clicks on the signin button</doc>
<status status="PASS" start="2024-06-04T15:29:29.602945" elapsed="3.189657"/>
</kw>
<kw name="Set Selenium Implicit Wait" owner="SeleniumLibrary">
<arg>4S</arg>
<doc>Sets the implicit wait value used by Selenium.</doc>
<status status="PASS" start="2024-06-04T15:29:32.792602" elapsed="0.011772"/>
</kw>
<kw name="Click Search Bar" owner="GenralKeywords">
<kw name="Click Element" owner="SeleniumLibrary">
<msg time="2024-06-04T15:29:32.805532" level="INFO">Clicking element '//input[@id='searchText']'.</msg>
<arg>${SEARCH BAR}</arg>
<doc>Click the element identified by ``locator``.</doc>
<status status="PASS" start="2024-06-04T15:29:32.805532" elapsed="5.030869"/>
</kw>
<doc>Clicks on the search bar</doc>
<status status="PASS" start="2024-06-04T15:29:32.804374" elapsed="5.033113"/>
</kw>
<kw name="Read Customer Name From CSV" owner="GenralKeywords">
<kw name="Read Csv File To Associative" owner="CSVLibrary">
<msg time="2024-06-04T15:29:37.839131" level="INFO">${data} = [{'customername': 'INFOSYS LIMITED'}, {'customername': 'COFFEE DAY ENTERPRISES LIMITED'}, {'customername': 'PIRAMAL ENTERPRISES LIMITED'}, {'customername': 'JSW CEMENT LIMITED'}, {'customername': 'ADA...</msg>
<var>${data}</var>
<arg>${parties_csvfile}</arg>
<doc>Read CSV file and return its content as a Python list of dictionaries.</doc>
<status status="PASS" start="2024-06-04T15:29:37.837925" elapsed="0.001206"/>
</kw>
<kw name="Set Variable" owner="BuiltIn">
<msg time="2024-06-04T15:29:37.841679" level="INFO">${customer_name} = INFOSYS LIMITED</msg>
<var>${customer_name}</var>
<arg>${data[0]['customername']}</arg>
<doc>Returns the given values which can then be assigned to a variables.</doc>
<status status="PASS" start="2024-06-04T15:29:37.840137" elapsed="0.001542"/>
</kw>
<return>
<value>${customer_name}</value>
<status status="PASS" start="2024-06-04T15:29:37.841679" elapsed="0.002516"/>
</return>
<msg time="2024-06-04T15:29:37.847149" level="INFO">${customer_name} = INFOSYS LIMITED</msg>
<var>${customer_name}</var>
<doc>Reads customer name from CSV file</doc>
<status status="PASS" start="2024-06-04T15:29:37.837487" elapsed="0.009662"/>
</kw>
<kw name="Input Text" owner="SeleniumLibrary">
<msg time="2024-06-04T15:29:37.847998" level="INFO">Typing text 'INFOSYS LIMITED' into text field '//input[@id='searchText']'.</msg>
<arg>${SEARCH BAR}</arg>
<arg>${customer_name}</arg>
<doc>Types the given ``text`` into the text field identified by ``locator``.</doc>
<status status="PASS" start="2024-06-04T15:29:37.847998" elapsed="1.118363"/>
</kw>
<kw name="Wait Until Element Is Visible" owner="SeleniumLibrary">
<msg time="2024-06-04T15:29:47.935407" level="INFO" html="true">&lt;/td&gt;&lt;/tr&gt;&lt;tr&gt;&lt;td colspan="3"&gt;&lt;a href="5-selenium-screenshot-1.png"&gt;&lt;img src="5-selenium-screenshot-1.png" width="800px"&gt;&lt;/a&gt;</msg>
<msg time="2024-06-04T15:29:47.935407" level="FAIL">Element '(//div[@class='d-flex align-items-center'])[1]' not visible after 5 seconds.</msg>
<arg>${SEARCHED ITEM}</arg>
<doc>Waits until the element ``locator`` is visible.</doc>
<status status="FAIL" start="2024-06-04T15:29:38.967547" elapsed="8.970059">Element '(//div[@class='d-flex align-items-center'])[1]' not visible after 5 seconds.</status>
</kw>
<kw name="Sleep" owner="BuiltIn">
<arg>5s</arg>
<doc>Pauses the test executed for the given time.</doc>
<status status="NOT RUN" start="2024-06-04T15:29:47.938739" elapsed="0.000000"/>
</kw>
<kw name="Click on Searched Customer name in search list" owner="GenralKeywords">
<doc>Click on Searched Customer name in search list</doc>
<status status="NOT RUN" start="2024-06-04T15:29:47.938739" elapsed="0.000988"/>
</kw>
<kw name="Sleep" owner="BuiltIn">
<arg>3s</arg>
<doc>Pauses the test executed for the given time.</doc>
<status status="NOT RUN" start="2024-06-04T15:29:47.939727" elapsed="0.000000"/>
</kw>
<doc>Login to the application and search customer name</doc>
<status status="FAIL" start="2024-06-04T15:28:39.447347" elapsed="68.492380">Element '(//div[@class='d-flex align-items-center'])[1]' not visible after 5 seconds.</status>
</kw>
<kw name="Click on Alerts" owner="AlertsPage">
<doc>Click on Alerts</doc>
<status status="NOT RUN" start="2024-06-04T15:29:47.939727" elapsed="0.001146"/>
</kw>
<kw name="Location Should Contain" owner="SeleniumLibrary">
<arg>alerts</arg>
<doc>Verifies that the current URL contains ``expected``.</doc>
<status status="NOT RUN" start="2024-06-04T15:29:47.940873" elapsed="0.000000"/>
</kw>
<doc>TC-1 Test Alerts Page</doc>
<tag>Sanity</tag>
<status status="FAIL" start="2024-06-04T15:28:39.431699" elapsed="68.509174">Element '(//div[@class='d-flex align-items-center'])[1]' not visible after 5 seconds.</status>
</test>
<test id="s1-s6-s1-t2" name="Verify Alert details" line="19">
<kw name="Click on Details button" owner="AlertsPage">
<kw name="Click Button" owner="SeleniumLibrary">
<msg time="2024-06-04T15:29:47.947878" level="INFO">Clicking button '//button[text()='Details']'.</msg>
<msg time="2024-06-04T15:30:05.927253" level="INFO" html="true">&lt;/td&gt;&lt;/tr&gt;&lt;tr&gt;&lt;td colspan="3"&gt;&lt;a href="5-selenium-screenshot-2.png"&gt;&lt;img src="5-selenium-screenshot-2.png" width="800px"&gt;&lt;/a&gt;</msg>
<msg time="2024-06-04T15:30:05.933334" level="FAIL">Button with locator '//button[text()='Details']' not found.</msg>
<arg>${AlertDetailsBtn}</arg>
<doc>Clicks the button identified by ``locator``.</doc>
<status status="FAIL" start="2024-06-04T15:29:47.947878" elapsed="18.032116">Button with locator '//button[text()='Details']' not found.</status>
</kw>
<kw name="Sleep" owner="BuiltIn">
<arg>5s</arg>
<doc>Pauses the test executed for the given time.</doc>
<status status="NOT RUN" start="2024-06-04T15:30:06.051895" elapsed="0.015721"/>
</kw>
<kw name="Get Text" owner="SeleniumLibrary">
<var>${alert_details}</var>
<arg>${AlertDetails}</arg>
<doc>Returns the text value of the element identified by ``locator``.</doc>
<status status="NOT RUN" start="2024-06-04T15:30:06.067616" elapsed="0.015636"/>
</kw>
<kw name="Log To Console" owner="BuiltIn">
<arg>${alert_details}</arg>
<doc>Logs the given message to the console.</doc>
<status status="NOT RUN" start="2024-06-04T15:30:06.481387" elapsed="0.000000"/>
</kw>
<doc>Click on Alert details button to verify alert details</doc>
<status status="FAIL" start="2024-06-04T15:29:47.945656" elapsed="18.535731">Button with locator '//button[text()='Details']' not found.</status>
</kw>
<doc>TC-2 Test Alert Details page</doc>
<tag>Sanity</tag>
<status status="FAIL" start="2024-06-04T15:29:47.943880" elapsed="18.537507">Button with locator '//button[text()='Details']' not found.</status>
</test>
<test id="s1-s6-s1-t3" name="Verify if user can cancle the creation of cases from alert details pop-up" line="24">
<kw name="Click on create button to create manual case from alert details pop-up" owner="AlertsPage">
<kw name="Click Button" owner="SeleniumLibrary">
<msg time="2024-06-04T15:30:06.518602" level="INFO">Clicking button '//button[text()='Create']'.</msg>
<msg time="2024-06-04T15:30:16.653221" level="INFO" html="true">&lt;/td&gt;&lt;/tr&gt;&lt;tr&gt;&lt;td colspan="3"&gt;&lt;a href="5-selenium-screenshot-3.png"&gt;&lt;img src="5-selenium-screenshot-3.png" width="800px"&gt;&lt;/a&gt;</msg>
<msg time="2024-06-04T15:30:16.653221" level="FAIL">Button with locator '//button[text()='Create']' not found.</msg>
<arg>${createbtn}</arg>
<doc>Clicks the button identified by ``locator``.</doc>
<status status="FAIL" start="2024-06-04T15:30:06.512667" elapsed="10.144005">Button with locator '//button[text()='Create']' not found.</status>
</kw>
<doc>Create manual case from alert details page by clicking on create button</doc>
<status status="FAIL" start="2024-06-04T15:30:06.497042" elapsed="10.159630">Button with locator '//button[text()='Create']' not found.</status>
</kw>
<kw name="Sleep" owner="BuiltIn">
<arg>10s</arg>
<doc>Pauses the test executed for the given time.</doc>
<status status="NOT RUN" start="2024-06-04T15:30:16.656672" elapsed="0.000000"/>
</kw>
<kw name="Select Case Type" owner="AlertsPage">
<doc>Select Case Type</doc>
<status status="NOT RUN" start="2024-06-04T15:30:16.656672" elapsed="0.000000"/>
</kw>
<kw name="Sleep" owner="BuiltIn">
<arg>5s</arg>
<doc>Pauses the test executed for the given time.</doc>
<status status="NOT RUN" start="2024-06-04T15:30:16.656672" elapsed="0.000000"/>
</kw>
<kw name="Enter Case Description" owner="AlertsPage">
<doc>Enter Case Description</doc>
<status status="NOT RUN" start="2024-06-04T15:30:16.656672" elapsed="0.000000"/>
</kw>
<kw name="Sleep" owner="BuiltIn">
<arg>5s</arg>
<doc>Pauses the test executed for the given time.</doc>
<status status="NOT RUN" start="2024-06-04T15:30:16.660693" elapsed="0.000000"/>
</kw>
<kw name="Scroll Down" owner="GenralKeywords">
<status status="NOT RUN" start="2024-06-04T15:30:16.660693" elapsed="0.000000"/>
</kw>
<kw name="Click on Close button" owner="AlertsPage">
<status status="NOT RUN" start="2024-06-04T15:30:16.660693" elapsed="0.000000"/>
</kw>
<doc>TC-3 Test if user can cancle the creation of cases from alert details pop-up</doc>
<tag>Sanity</tag>
<status status="FAIL" start="2024-06-04T15:30:06.497042" elapsed="10.163651">Button with locator '//button[text()='Create']' not found.</status>
</test>
<test id="s1-s6-s1-t4" name="Verify if user can create the cases from alert details pop-up" line="36">
<kw name="Sleep" owner="BuiltIn">
<msg time="2024-06-04T15:30:21.662417" level="INFO">Slept 5 seconds.</msg>
<arg>5s</arg>
<doc>Pauses the test executed for the given time.</doc>
<status status="PASS" start="2024-06-04T15:30:16.660693" elapsed="5.001724"/>
</kw>
<try>
<branch type="TRY">
<kw name="Click on create button to create manual case from alert details pop-up" owner="AlertsPage">
<doc>Create manual case from alert details page by clicking on create button</doc>
<status status="NOT RUN" start="2024-06-04T15:30:21.662417" elapsed="0.000000"/>
[...]
<msg time="2024-06-04T15:35:59.183984" level="INFO">Typing text 'credibot@ktkbank.com' into text field '(//input[@id='signInFormUsername'])[2]'.</msg>
<arg>(//input[@id='signInFormUsername'])[2]</arg>
<arg>${username}</arg>
<doc>Types the given ``text`` into the text field identified by ``locator``.</doc>
<status status="PASS" start="2024-06-04T15:35:59.176164" elapsed="9.526580"/>
</kw>
<kw name="Input Text" owner="SeleniumLibrary">
<msg time="2024-06-04T15:36:08.713179" level="INFO">Typing text 'Credi!123' into text field '(//input[@id='signInFormPassword'])[2]'.</msg>
<arg>(//input[@id='signInFormPassword'])[2]</arg>
<arg>${password}</arg>
<doc>Types the given ``text`` into the text field identified by ``locator``.</doc>
<status status="PASS" start="2024-06-04T15:36:08.707167" elapsed="2.160886"/>
</kw>
<arg>credibot@ktkbank.com</arg>
<arg>Credi!123</arg>
<doc>Signs in using provided username and password</doc>
<status status="PASS" start="2024-06-04T15:35:58.901003" elapsed="11.967050"/>
</kw>
<kw name="Click Signin Button" owner="GenralKeywords">
<kw name="Click Button" owner="SeleniumLibrary">
<msg time="2024-06-04T15:36:10.868053" level="INFO">Clicking button '(//input[@name='signInSubmitButton'])[2]'.</msg>
<arg>${Signin_Button}</arg>
<doc>Clicks the button identified by ``locator``.</doc>
<status status="PASS" start="2024-06-04T15:36:10.868053" elapsed="1.827535"/>
</kw>
<doc>Clicks on the signin button</doc>
<status status="PASS" start="2024-06-04T15:36:10.868053" elapsed="1.827535"/>
</kw>
<kw name="Set Selenium Implicit Wait" owner="SeleniumLibrary">
<arg>4S</arg>
<doc>Sets the implicit wait value used by Selenium.</doc>
<status status="PASS" start="2024-06-04T15:36:12.695588" elapsed="0.003042"/>
</kw>
<kw name="Click Search Bar" owner="GenralKeywords">
<kw name="Click Element" owner="SeleniumLibrary">
<msg time="2024-06-04T15:36:12.698630" level="INFO">Clicking element '//input[@id='searchText']'.</msg>
<arg>${SEARCH BAR}</arg>
<doc>Click the element identified by ``locator``.</doc>
<status status="PASS" start="2024-06-04T15:36:12.698630" elapsed="2.510079"/>
</kw>
<doc>Clicks on the search bar</doc>
<status status="PASS" start="2024-06-04T15:36:12.698630" elapsed="2.510079"/>
</kw>
<kw name="Read Customer Name From CSV" owner="GenralKeywords">
<kw name="Read Csv File To Associative" owner="CSVLibrary">
<msg time="2024-06-04T15:36:15.216233" level="INFO">${data} = [{'customername': 'INFOSYS LIMITED'}, {'customername': 'COFFEE DAY ENTERPRISES LIMITED'}, {'customername': 'PIRAMAL ENTERPRISES LIMITED'}, {'customername': 'JSW CEMENT LIMITED'}, {'customername': 'ADA...</msg>
<var>${data}</var>
<arg>${parties_csvfile}</arg>
<doc>Read CSV file and return its content as a Python list of dictionaries.</doc>
<status status="PASS" start="2024-06-04T15:36:15.208709" elapsed="0.007524"/>
</kw>
<kw name="Set Variable" owner="BuiltIn">
<msg time="2024-06-04T15:36:15.220291" level="INFO">${customer_name} = INFOSYS LIMITED</msg>
<var>${customer_name}</var>
<arg>${data[0]['customername']}</arg>
<doc>Returns the given values which can then be assigned to a variables.</doc>
<status status="PASS" start="2024-06-04T15:36:15.216233" elapsed="0.004058"/>
</kw>
<return>
<value>${customer_name}</value>
<status status="PASS" start="2024-06-04T15:36:15.220291" elapsed="0.000000"/>
</return>
<msg time="2024-06-04T15:36:15.221349" level="INFO">${customer_name} = INFOSYS LIMITED</msg>
<var>${customer_name}</var>
<doc>Reads customer name from CSV file</doc>
<status status="PASS" start="2024-06-04T15:36:15.208709" elapsed="0.012640"/>
</kw>
<kw name="Input Text" owner="SeleniumLibrary">
<msg time="2024-06-04T15:36:15.221349" level="INFO">Typing text 'INFOSYS LIMITED' into text field '//input[@id='searchText']'.</msg>
<arg>${SEARCH BAR}</arg>
<arg>${customer_name}</arg>
<doc>Types the given ``text`` into the text field identified by ``locator``.</doc>
<status status="PASS" start="2024-06-04T15:36:15.221349" elapsed="0.285123"/>
</kw>
<kw name="Wait Until Element Is Visible" owner="SeleniumLibrary">
<msg time="2024-06-04T15:36:29.056139" level="INFO" html="true">&lt;/td&gt;&lt;/tr&gt;&lt;tr&gt;&lt;td colspan="3"&gt;&lt;a href="17-selenium-screenshot-1.png"&gt;&lt;img src="17-selenium-screenshot-1.png" width="800px"&gt;&lt;/a&gt;</msg>
<msg time="2024-06-04T15:36:29.056139" level="FAIL">Element '(//div[@class='d-flex align-items-center'])[1]' not visible after 5 seconds.</msg>
<arg>${SEARCHED ITEM}</arg>
<doc>Waits until the element ``locator`` is visible.</doc>
<status status="FAIL" start="2024-06-04T15:36:15.506472" elapsed="13.555196">Element '(//div[@class='d-flex align-items-center'])[1]' not visible after 5 seconds.</status>
</kw>
<kw name="Sleep" owner="BuiltIn">
<arg>5s</arg>
<doc>Pauses the test executed for the given time.</doc>
<status status="NOT RUN" start="2024-06-04T15:36:29.061668" elapsed="0.000000"/>
</kw>
<kw name="Click on Searched Customer name in search list" owner="GenralKeywords">
<doc>Click on Searched Customer name in search list</doc>
<status status="NOT RUN" start="2024-06-04T15:36:29.061668" elapsed="0.000000"/>
</kw>
<kw name="Sleep" owner="BuiltIn">
<arg>3s</arg>
<doc>Pauses the test executed for the given time.</doc>
<status status="NOT RUN" start="2024-06-04T15:36:29.061668" elapsed="0.002581"/>
</kw>
<doc>Login to the application and search customer name</doc>
<status status="FAIL" start="2024-06-04T15:35:02.288170" elapsed="86.776079">Element '(//div[@class='d-flex align-items-center'])[1]' not visible after 5 seconds.</status>
</kw>
<kw name="Click Timelines Link" owner="TimelinesPage">
<doc>Clicks on the Timelines link</doc>
<status status="NOT RUN" start="2024-06-04T15:36:29.064249" elapsed="0.000000"/>
</kw>
<kw name="Sleep" owner="BuiltIn">
<arg>5s</arg>
<doc>Pauses the test executed for the given time.</doc>
<status status="NOT RUN" start="2024-06-04T15:36:29.064249" elapsed="0.000000"/>
</kw>
<kw name="Location Should Contain" owner="SeleniumLibrary">
<arg>timelines</arg>
<doc>Verifies that the current URL contains ``expected``.</doc>
<status status="NOT RUN" start="2024-06-04T15:36:29.064249" elapsed="0.000000"/>
</kw>
<doc>TC-1 Test the Timelines page</doc>
<tag>Sanity</tag>
<status status="FAIL" start="2024-06-04T15:35:02.283390" elapsed="86.780859">Element '(//div[@class='d-flex align-items-center'])[1]' not visible after 5 seconds.</status>
</test>
<status status="FAIL" start="2024-06-04T15:35:01.596192" elapsed="87.468057"/>
</suite>
<status status="FAIL" start="2024-06-04T15:35:01.591523" elapsed="87.472726"/>
</suite>
<suite id="s1-s18" name="TS9 Blacklists" source="C:\Users\Komal Kumari\PycharmProjects\CrediwatchAPP\TestSuites\TS9_Blacklists">
<suite id="s1-s18-s1" name="TC9 BLACKLISTS" source="C:\Users\Komal Kumari\PycharmProjects\CrediwatchAPP\TestSuites\TS9_Blacklists\TC9_BLACKLISTS.robot">
<test id="s1-s18-s1-t1" name="Verifying Blacklists page" line="11">
<kw name="Login to the application and search customer name" owner="GenralKeywords">
<kw name="Open Browser" owner="SeleniumLibrary">
<msg time="2024-06-04T15:35:47.967899" level="INFO">Opening browser 'Chrome' to base url 'https://www.crediwatch.net/'.</msg>
<arg>${URL}</arg>
<arg>${BROWSER}</arg>
<doc>Opens a new browser instance to the optional ``url``.</doc>
<status status="PASS" start="2024-06-04T15:35:47.950876" elapsed="31.675173"/>
</kw>
<kw name="Maximize Browser Window" owner="SeleniumLibrary">
<doc>Maximizes current browser window.</doc>
<status status="PASS" start="2024-06-04T15:36:19.631131" elapsed="27.720301"/>
</kw>
<kw name="Click Login Button" owner="GenralKeywords">
<kw name="Click Button" owner="SeleniumLibrary">
<msg time="2024-06-04T15:36:47.355688" level="INFO">Clicking button '//button[contains(text(),'Login')]'.</msg>
<arg>${LOGIN_BUTTON}</arg>
<doc>Clicks the button identified by ``locator``.</doc>
<status status="PASS" start="2024-06-04T15:36:47.354435" elapsed="18.503121"/>
</kw>
<doc>Clicks on the login button</doc>
<status status="PASS" start="2024-06-04T15:36:47.352431" elapsed="18.505125"/>
</kw>
<kw name="Sleep" owner="BuiltIn">
<msg time="2024-06-04T15:37:07.900983" level="INFO">Slept 2 seconds.</msg>
<arg>2s</arg>
<doc>Pauses the test executed for the given time.</doc>
<status status="PASS" start="2024-06-04T15:37:05.857556" elapsed="2.047967"/>
</kw>
<kw name="SignIn to the Application" owner="GenralKeywords">
<kw name="Input Text" owner="SeleniumLibrary">
<msg time="2024-06-04T15:37:08.007179" level="INFO">Typing text 'credibot@ktkbank.com' into text field '(//input[@id='signInFormUsername'])[2]'.</msg>
<arg>(//input[@id='signInFormUsername'])[2]</arg>
<arg>${username}</arg>
<doc>Types the given ``text`` into the text field identified by ``locator``.</doc>
<status status="PASS" start="2024-06-04T15:37:07.957847" elapsed="8.327961"/>
</kw>
<kw name="Input Text" owner="SeleniumLibrary">
<msg time="2024-06-04T15:37:16.287326" level="INFO">Typing text 'Credi!123' into text field '(//input[@id='signInFormPassword'])[2]'.</msg>
<arg>(//input[@id='signInFormPassword'])[2]</arg>
<arg>${password}</arg>
<doc>Types the given ``text`` into the text field identified by ``locator``.</doc>
<status status="PASS" start="2024-06-04T15:37:16.287326" elapsed="0.268828"/>
</kw>
<arg>credibot@ktkbank.com</arg>
<arg>Credi!123</arg>
<doc>Signs in using provided username and password</doc>
<status status="PASS" start="2024-06-04T15:37:07.916876" elapsed="8.639278"/>
</kw>
<kw name="Click Signin Button" owner="GenralKeywords">
<kw name="Click Button" owner="SeleniumLibrary">
<msg time="2024-06-04T15:37:16.556154" level="INFO">Clicking button '(//input[@name='signInSubmitButton'])[2]'.</msg>
<arg>${Signin_Button}</arg>
<doc>Clicks the button identified by ``locator``.</doc>
<status status="PASS" start="2024-06-04T15:37:16.556154" elapsed="2.632815"/>
</kw>
<doc>Clicks on the signin button</doc>
<status status="PASS" start="2024-06-04T15:37:16.556154" elapsed="2.632815"/>
</kw>
<kw name="Set Selenium Implicit Wait" owner="SeleniumLibrary">
<arg>4S</arg>
<doc>Sets the implicit wait value used by Selenium.</doc>
<status status="PASS" start="2024-06-04T15:37:19.188969" elapsed="0.000000"/>
</kw>
<kw name="Click Search Bar" owner="GenralKeywords">
<kw name="Click Element" owner="SeleniumLibrary">
<msg time="2024-06-04T15:37:19.188969" level="INFO">Clicking element '//input[@id='searchText']'.</msg>
<arg>${SEARCH BAR}</arg>
<doc>Click the element identified by ``locator``.</doc>
<status status="PASS" start="2024-06-04T15:37:19.188969" elapsed="3.129931"/>
</kw>
<doc>Clicks on the search bar</doc>
<status status="PASS" start="2024-06-04T15:37:19.188969" elapsed="3.129931"/>
</kw>
<kw name="Read Customer Name From CSV" owner="GenralKeywords">
<kw name="Read Csv File To Associative" owner="CSVLibrary">
<msg time="2024-06-04T15:37:22.321969" level="INFO">${data} = [{'customername': 'INFOSYS LIMITED'}, {'customername': 'COFFEE DAY ENTERPRISES LIMITED'}, {'customername': 'PIRAMAL ENTERPRISES LIMITED'}, {'customername': 'JSW CEMENT LIMITED'}, {'customername': 'ADA...</msg>
<var>${data}</var>
<arg>${parties_csvfile}</arg>
<doc>Read CSV file and return its content as a Python list of dictionaries.</doc>
<status status="PASS" start="2024-06-04T15:37:22.321969" elapsed="0.000000"/>
</kw>
<kw name="Set Variable" owner="BuiltIn">
<msg time="2024-06-04T15:37:22.321969" level="INFO">${customer_name} = INFOSYS LIMITED</msg>
<var>${customer_name}</var>
<arg>${data[0]['customername']}</arg>
<doc>Returns the given values which can then be assigned to a variables.</doc>
<status status="PASS" start="2024-06-04T15:37:22.321969" elapsed="0.000000"/>
</kw>
<return>
<value>${customer_name}</value>
<status status="PASS" start="2024-06-04T15:37:22.326984" elapsed="0.000000"/>
</return>
<msg time="2024-06-04T15:37:22.328298" level="INFO">${customer_name} = INFOSYS LIMITED</msg>
<var>${customer_name}</var>
<doc>Reads customer name from CSV file</doc>
<status status="PASS" start="2024-06-04T15:37:22.318900" elapsed="0.009398"/>
</kw>
<kw name="Input Text" owner="SeleniumLibrary">
<msg time="2024-06-04T15:37:22.328298" level="INFO">Typing text 'INFOSYS LIMITED' into text field '//input[@id='searchText']'.</msg>
<arg>${SEARCH BAR}</arg>
<arg>${customer_name}</arg>
<doc>Types the given ``text`` into the text field identified by ``locator``.</doc>
<status status="PASS" start="2024-06-04T15:37:22.328298" elapsed="0.309795"/>
</kw>
<kw name="Wait Until Element Is Visible" owner="SeleniumLibrary">
<msg time="2024-06-04T15:37:42.461460" level="INFO" html="true">&lt;/td&gt;&lt;/tr&gt;&lt;tr&gt;&lt;td colspan="3"&gt;&lt;a href="18-selenium-screenshot-1.png"&gt;&lt;img src="18-selenium-screenshot-1.png" width="800px"&gt;&lt;/a&gt;</msg>
<msg time="2024-06-04T15:37:42.461460" level="FAIL">Element '(//div[@class='d-flex align-items-center'])[1]' not visible after 5 seconds.</msg>
<arg>${SEARCHED ITEM}</arg>
<doc>Waits until the element ``locator`` is visible.</doc>
<status status="FAIL" start="2024-06-04T15:37:22.638093" elapsed="19.828413">Element '(//div[@class='d-flex align-items-center'])[1]' not visible after 5 seconds.</status>
</kw>
<kw name="Sleep" owner="BuiltIn">
<arg>5s</arg>
<doc>Pauses the test executed for the given time.</doc>
<status status="NOT RUN" start="2024-06-04T15:37:42.466506" elapsed="0.000000"/>
</kw>
<kw name="Click on Searched Customer name in search list" owner="GenralKeywords">
<doc>Click on Searched Customer name in search list</doc>
<status status="NOT RUN" start="2024-06-04T15:37:42.466506" elapsed="0.000000"/>
</kw>
<kw name="Sleep" owner="BuiltIn">
<arg>3s</arg>
<doc>Pauses the test executed for the given time.</doc>
<status status="NOT RUN" start="2024-06-04T15:37:42.466506" elapsed="0.000000"/>
</kw>
<doc>Login to the application and search customer name</doc>
<status status="FAIL" start="2024-06-04T15:35:47.107901" elapsed="115.358605">Element '(//div[@class='d-flex align-items-center'])[1]' not visible after 5 seconds.</status>
</kw>
<kw name="Sleep" owner="BuiltIn">
<arg>5s</arg>
<doc>Pauses the test executed for the given time.</doc>
<status status="NOT RUN" start="2024-06-04T15:37:42.466506" elapsed="0.000000"/>
</kw>
<kw name="Scroll menu bar down" owner="GenralKeywords">
<status status="NOT RUN" start="2024-06-04T15:37:42.466506" elapsed="0.000000"/>
</kw>
<kw name="Sleep" owner="BuiltIn">
<arg>2s</arg>
<doc>Pauses the test executed for the given time.</doc>
<status status="NOT RUN" start="2024-06-04T15:37:42.472111" elapsed="0.000903"/>
</kw>
<kw name="Click Blacklists Link" owner="BlacklistsPage">
<doc>Clicks on the Blacklists link</doc>
<status status="NOT RUN" start="2024-06-04T15:37:42.473014" elapsed="0.000000"/>
</kw>
<kw name="Sleep" owner="BuiltIn">
<arg>5s</arg>
<doc>Pauses the test executed for the given time.</doc>
<status status="NOT RUN" start="2024-06-04T15:37:42.473014" elapsed="0.001513"/>
</kw>
<kw name="Location Should Contain" owner="SeleniumLibrary">
<arg>blacklists</arg>
<doc>Verifies that the current URL contains ``expected``.</doc>
<status status="NOT RUN" start="2024-06-04T15:37:42.474527" elapsed="0.000000"/>
</kw>
<doc>TC-1 Test the Blacklists page</doc>
<tag>Sanity</tag>
<status status="FAIL" start="2024-06-04T15:35:47.076113" elapsed="115.398414">Element '(//div[@class='d-flex align-items-center'])[1]' not visible after 5 seconds.</status>
</test>
<status status="FAIL" start="2024-06-04T15:35:42.832306" elapsed="119.642221"/>
</suite>
<status status="FAIL" start="2024-06-04T15:35:42.815375" elapsed="119.659152"/>
</suite>
<doc>[https://pabot.org/?ref=log|Pabot] result from 20 executions.</doc>
<status status="FAIL" start="2024-06-04T15:27:27.481000" elapsed="62.839220"/>
</suite>
<statistics>
<total>
<stat pass="18" fail="42" skip="0">All Tests</stat>
</total>
<tag>
<stat pass="18" fail="42" skip="0">Sanity</stat>
</tag>
<suite>
<stat pass="18" fail="42" skip="0" id="s1" name="TestSuites">TestSuites</stat>
<stat pass="7" fail="0" skip="0" id="s1-s1" name="TS1 Signin">TestSuites.TS1 Signin</stat>
<stat pass="7" fail="0" skip="0" id="s1-s1-s1" name="TC1 SIGNIN">TestSuites.TS1 Signin.TC1 SIGNIN</stat>
<stat pass="0" fail="2" skip="0" id="s1-s2" name="TS10 GstnInfo">TestSuites.TS10 GstnInfo</stat>
<stat pass="0" fail="2" skip="0" id="s1-s2-s1" name="TC10 GSTN INFO">TestSuites.TS10 GstnInfo.TC10 GSTN INFO</stat>
<stat pass="0" fail="1" skip="0" id="s1-s3" name="TS11 EPFO">TestSuites.TS11 EPFO</stat>
<stat pass="0" fail="1" skip="0" id="s1-s3-s1" name="TC11 EPFO">TestSuites.TS11 EPFO.TC11 EPFO</stat>
<stat pass="0" fail="1" skip="0" id="s1-s4" name="TS12 NEWS">TestSuites.TS12 NEWS</stat>
<stat pass="0" fail="1" skip="0" id="s1-s4-s1" name="TC12 NEWS">TestSuites.TS12 NEWS.TC12 NEWS</stat>
<stat pass="0" fail="2" skip="0" id="s1-s5" name="TS13 Ratings">TestSuites.TS13 Ratings</stat>
<stat pass="0" fail="2" skip="0" id="s1-s5-s1" name="TC13 Ratings">TestSuites.TS13 Ratings.TC13 Ratings</stat>
<stat pass="0" fail="4" skip="0" id="s1-s6" name="TS14 Alerts">TestSuites.TS14 Alerts</stat>
<stat pass="0" fail="4" skip="0" id="s1-s6-s1" name="TC14 Alerts">TestSuites.TS14 Alerts.TC14 Alerts</stat>
<stat pass="6" fail="1" skip="0" id="s1-s7" name="TS15 Cases">TestSuites.TS15 Cases</stat>
<stat pass="1" fail="0" skip="0" id="s1-s7-s1" name="TC15 Cases">TestSuites.TS15 Cases.TC15 Cases</stat>
<stat pass="5" fail="1" skip="0" id="s1-s7-s2" name="TC15.1 ManualCases">TestSuites.TS15 Cases.TC15.1 ManualCases</stat>
<stat pass="0" fail="3" skip="0" id="s1-s8" name="TS17 Parties">TestSuites.TS17 Parties</stat>
<stat pass="0" fail="3" skip="0" id="s1-s8-s1" name="TC17 PARTIES">TestSuites.TS17 Parties.TC17 PARTIES</stat>
<stat pass="4" fail="6" skip="0" id="s1-s9" name="TS18 Portfolio">TestSuites.TS18 Portfolio</stat>
<stat pass="0" fail="6" skip="0" id="s1-s9-s1" name="TC18 PORTFOLIOS">TestSuites.TS18 Portfolio.TC18 PORTFOLIOS</stat>
<stat pass="4" fail="0" skip="0" id="s1-s9-s2" name="TC18.1 AddParties">TestSuites.TS18 Portfolio.TC18.1 AddParties</stat>
<stat pass="0" fail="1" skip="0" id="s1-s10" name="TS19 Products">TestSuites.TS19 Products</stat>
<stat pass="0" fail="1" skip="0" id="s1-s10-s1" name="TC19 Products">TestSuites.TS19 Products.TC19 Products</stat>
<stat pass="0" fail="5" skip="0" id="s1-s11" name="TS2 Highlights">TestSuites.TS2 Highlights</stat>
<stat pass="0" fail="5" skip="0" id="s1-s11-s1" name="TC2 HIGHLIGHTS">TestSuites.TS2 Highlights.TC2 HIGHLIGHTS</stat>
<stat pass="1" fail="0" skip="0" id="s1-s12" name="TS3 Registrations">TestSuites.TS3 Registrations</stat>
<stat pass="1" fail="0" skip="0" id="s1-s12-s1" name="TC3 REGISTRATIONS">TestSuites.TS3 Registrations.TC3 REGISTRATIONS</stat>
<stat pass="0" fail="6" skip="0" id="s1-s13" name="TS4 Relationships">TestSuites.TS4 Relationships</stat>
<stat pass="0" fail="6" skip="0" id="s1-s13-s1" name="TC4 RELATIONSHIPS">TestSuites.TS4 Relationships.TC4 RELATIONSHIPS</stat>
<stat pass="0" fail="5" skip="0" id="s1-s14" name="TS5 Financials">TestSuites.TS5 Financials</stat>
<stat pass="0" fail="5" skip="0" id="s1-s14-s1" name="TC5 FINANCIALS">TestSuites.TS5 Financials.TC5 FINANCIALS</stat>
<stat pass="0" fail="2" skip="0" id="s1-s15" name="TS6 Charges">TestSuites.TS6 Charges</stat>
<stat pass="0" fail="2" skip="0" id="s1-s15-s1" name="TC6 CHARGES">TestSuites.TS6 Charges.TC6 CHARGES</stat>
<stat pass="0" fail="1" skip="0" id="s1-s16" name="TS7 Legal">TestSuites.TS7 Legal</stat>
<stat pass="0" fail="1" skip="0" id="s1-s16-s1" name="TC7 LEGAL">TestSuites.TS7 Legal.TC7 LEGAL</stat>
<stat pass="0" fail="1" skip="0" id="s1-s17" name="TS8 Timelines">TestSuites.TS8 Timelines</stat>
<stat pass="0" fail="1" skip="0" id="s1-s17-s1" name="TC8 TIMELINES">TestSuites.TS8 Timelines.TC8 TIMELINES</stat>
<stat pass="0" fail="1" skip="0" id="s1-s18" name="TS9 Blacklists">TestSuites.TS9 Blacklists</stat>
<stat pass="0" fail="1" skip="0" id="s1-s18-s1" name="TC9 BLACKLISTS">TestSuites.TS9 Blacklists.TC9 BLACKLISTS</stat>
</suite>
</statistics>
<errors>
</errors>
</robot>
